[2024-10-29T21:54:54.033+0500] {processor.py:186} INFO - Started process (PID=984) to work on /mnt/d/МАГИСТРАТУРА/semestr3/АМО/lab4/venv/lib/python3.10/site-packages/airflow/example_dags/subdags/subdag.py
[2024-10-29T21:54:54.035+0500] {processor.py:914} INFO - Processing file /mnt/d/МАГИСТРАТУРА/semestr3/АМО/lab4/venv/lib/python3.10/site-packages/airflow/example_dags/subdags/subdag.py for tasks to queue
[2024-10-29T21:54:54.049+0500] {logging_mixin.py:190} INFO - [2024-10-29T21:54:54.048+0500] {dagbag.py:588} INFO - Filling up the DagBag from /mnt/d/МАГИСТРАТУРА/semestr3/АМО/lab4/venv/lib/python3.10/site-packages/airflow/example_dags/subdags/subdag.py
[2024-10-29T21:54:54.056+0500] {processor.py:927} WARNING - No viable dags retrieved from /mnt/d/МАГИСТРАТУРА/semestr3/АМО/lab4/venv/lib/python3.10/site-packages/airflow/example_dags/subdags/subdag.py
[2024-10-29T21:54:54.077+0500] {processor.py:208} INFO - Processing /mnt/d/МАГИСТРАТУРА/semestr3/АМО/lab4/venv/lib/python3.10/site-packages/airflow/example_dags/subdags/subdag.py took 0.060 seconds
[2024-10-29T21:56:18.722+0500] {processor.py:186} INFO - Started process (PID=1056) to work on /mnt/d/МАГИСТРАТУРА/semestr3/АМО/lab4/venv/lib/python3.10/site-packages/airflow/example_dags/subdags/subdag.py
[2024-10-29T21:56:18.727+0500] {processor.py:914} INFO - Processing file /mnt/d/МАГИСТРАТУРА/semestr3/АМО/lab4/venv/lib/python3.10/site-packages/airflow/example_dags/subdags/subdag.py for tasks to queue
[2024-10-29T21:56:18.734+0500] {logging_mixin.py:190} INFO - [2024-10-29T21:56:18.732+0500] {dagbag.py:588} INFO - Filling up the DagBag from /mnt/d/МАГИСТРАТУРА/semestr3/АМО/lab4/venv/lib/python3.10/site-packages/airflow/example_dags/subdags/subdag.py
[2024-10-29T21:56:18.742+0500] {processor.py:927} WARNING - No viable dags retrieved from /mnt/d/МАГИСТРАТУРА/semestr3/АМО/lab4/venv/lib/python3.10/site-packages/airflow/example_dags/subdags/subdag.py
[2024-10-29T21:56:18.771+0500] {processor.py:208} INFO - Processing /mnt/d/МАГИСТРАТУРА/semestr3/АМО/lab4/venv/lib/python3.10/site-packages/airflow/example_dags/subdags/subdag.py took 0.074 seconds
[2024-10-29T21:57:00.808+0500] {processor.py:186} INFO - Started process (PID=1107) to work on /mnt/d/МАГИСТРАТУРА/semestr3/АМО/lab4/venv/lib/python3.10/site-packages/airflow/example_dags/subdags/subdag.py
[2024-10-29T21:57:00.811+0500] {processor.py:914} INFO - Processing file /mnt/d/МАГИСТРАТУРА/semestr3/АМО/lab4/venv/lib/python3.10/site-packages/airflow/example_dags/subdags/subdag.py for tasks to queue
[2024-10-29T21:57:00.818+0500] {logging_mixin.py:190} INFO - [2024-10-29T21:57:00.816+0500] {dagbag.py:588} INFO - Filling up the DagBag from /mnt/d/МАГИСТРАТУРА/semestr3/АМО/lab4/venv/lib/python3.10/site-packages/airflow/example_dags/subdags/subdag.py
[2024-10-29T21:57:00.825+0500] {processor.py:927} WARNING - No viable dags retrieved from /mnt/d/МАГИСТРАТУРА/semestr3/АМО/lab4/venv/lib/python3.10/site-packages/airflow/example_dags/subdags/subdag.py
[2024-10-29T21:57:00.854+0500] {processor.py:208} INFO - Processing /mnt/d/МАГИСТРАТУРА/semestr3/АМО/lab4/venv/lib/python3.10/site-packages/airflow/example_dags/subdags/subdag.py took 0.064 seconds
[2024-10-29T21:57:33.608+0500] {processor.py:186} INFO - Started process (PID=1136) to work on /mnt/d/МАГИСТРАТУРА/semestr3/АМО/lab4/venv/lib/python3.10/site-packages/airflow/example_dags/subdags/subdag.py
[2024-10-29T21:57:33.611+0500] {processor.py:914} INFO - Processing file /mnt/d/МАГИСТРАТУРА/semestr3/АМО/lab4/venv/lib/python3.10/site-packages/airflow/example_dags/subdags/subdag.py for tasks to queue
[2024-10-29T21:57:33.618+0500] {logging_mixin.py:190} INFO - [2024-10-29T21:57:33.617+0500] {dagbag.py:588} INFO - Filling up the DagBag from /mnt/d/МАГИСТРАТУРА/semestr3/АМО/lab4/venv/lib/python3.10/site-packages/airflow/example_dags/subdags/subdag.py
[2024-10-29T21:57:33.625+0500] {processor.py:927} WARNING - No viable dags retrieved from /mnt/d/МАГИСТРАТУРА/semestr3/АМО/lab4/venv/lib/python3.10/site-packages/airflow/example_dags/subdags/subdag.py
[2024-10-29T21:57:33.650+0500] {processor.py:208} INFO - Processing /mnt/d/МАГИСТРАТУРА/semestr3/АМО/lab4/venv/lib/python3.10/site-packages/airflow/example_dags/subdags/subdag.py took 0.060 seconds
