[2024-10-29T21:54:56.823+0500] {processor.py:186} INFO - Started process (PID=986) to work on /mnt/d/МАГИСТРАТУРА/semestr3/АМО/lab4/venv/lib/python3.10/site-packages/airflow/example_dags/plugins/listener_plugin.py
[2024-10-29T21:54:56.827+0500] {processor.py:914} INFO - Processing file /mnt/d/МАГИСТРАТУРА/semestr3/АМО/lab4/venv/lib/python3.10/site-packages/airflow/example_dags/plugins/listener_plugin.py for tasks to queue
[2024-10-29T21:54:56.835+0500] {logging_mixin.py:190} INFO - [2024-10-29T21:54:56.834+0500] {dagbag.py:588} INFO - Filling up the DagBag from /mnt/d/МАГИСТРАТУРА/semestr3/АМО/lab4/venv/lib/python3.10/site-packages/airflow/example_dags/plugins/listener_plugin.py
[2024-10-29T21:54:56.847+0500] {processor.py:927} WARNING - No viable dags retrieved from /mnt/d/МАГИСТРАТУРА/semestr3/АМО/lab4/venv/lib/python3.10/site-packages/airflow/example_dags/plugins/listener_plugin.py
[2024-10-29T21:54:56.874+0500] {processor.py:208} INFO - Processing /mnt/d/МАГИСТРАТУРА/semestr3/АМО/lab4/venv/lib/python3.10/site-packages/airflow/example_dags/plugins/listener_plugin.py took 0.076 seconds
[2024-10-29T21:56:20.931+0500] {processor.py:186} INFO - Started process (PID=1059) to work on /mnt/d/МАГИСТРАТУРА/semestr3/АМО/lab4/venv/lib/python3.10/site-packages/airflow/example_dags/plugins/listener_plugin.py
[2024-10-29T21:56:20.933+0500] {processor.py:914} INFO - Processing file /mnt/d/МАГИСТРАТУРА/semestr3/АМО/lab4/venv/lib/python3.10/site-packages/airflow/example_dags/plugins/listener_plugin.py for tasks to queue
[2024-10-29T21:56:20.938+0500] {logging_mixin.py:190} INFO - [2024-10-29T21:56:20.937+0500] {dagbag.py:588} INFO - Filling up the DagBag from /mnt/d/МАГИСТРАТУРА/semestr3/АМО/lab4/venv/lib/python3.10/site-packages/airflow/example_dags/plugins/listener_plugin.py
[2024-10-29T21:56:20.947+0500] {processor.py:927} WARNING - No viable dags retrieved from /mnt/d/МАГИСТРАТУРА/semestr3/АМО/lab4/venv/lib/python3.10/site-packages/airflow/example_dags/plugins/listener_plugin.py
[2024-10-29T21:56:20.984+0500] {processor.py:208} INFO - Processing /mnt/d/МАГИСТРАТУРА/semestr3/АМО/lab4/venv/lib/python3.10/site-packages/airflow/example_dags/plugins/listener_plugin.py took 0.076 seconds
[2024-10-29T21:57:02.877+0500] {processor.py:186} INFO - Started process (PID=1109) to work on /mnt/d/МАГИСТРАТУРА/semestr3/АМО/lab4/venv/lib/python3.10/site-packages/airflow/example_dags/plugins/listener_plugin.py
[2024-10-29T21:57:02.880+0500] {processor.py:914} INFO - Processing file /mnt/d/МАГИСТРАТУРА/semestr3/АМО/lab4/venv/lib/python3.10/site-packages/airflow/example_dags/plugins/listener_plugin.py for tasks to queue
[2024-10-29T21:57:02.887+0500] {logging_mixin.py:190} INFO - [2024-10-29T21:57:02.886+0500] {dagbag.py:588} INFO - Filling up the DagBag from /mnt/d/МАГИСТРАТУРА/semestr3/АМО/lab4/venv/lib/python3.10/site-packages/airflow/example_dags/plugins/listener_plugin.py
[2024-10-29T21:57:02.895+0500] {processor.py:927} WARNING - No viable dags retrieved from /mnt/d/МАГИСТРАТУРА/semestr3/АМО/lab4/venv/lib/python3.10/site-packages/airflow/example_dags/plugins/listener_plugin.py
[2024-10-29T21:57:02.928+0500] {processor.py:208} INFO - Processing /mnt/d/МАГИСТРАТУРА/semestr3/АМО/lab4/venv/lib/python3.10/site-packages/airflow/example_dags/plugins/listener_plugin.py took 0.067 seconds
[2024-10-29T21:57:36.001+0500] {processor.py:186} INFO - Started process (PID=1138) to work on /mnt/d/МАГИСТРАТУРА/semestr3/АМО/lab4/venv/lib/python3.10/site-packages/airflow/example_dags/plugins/listener_plugin.py
[2024-10-29T21:57:36.003+0500] {processor.py:914} INFO - Processing file /mnt/d/МАГИСТРАТУРА/semestr3/АМО/lab4/venv/lib/python3.10/site-packages/airflow/example_dags/plugins/listener_plugin.py for tasks to queue
[2024-10-29T21:57:36.008+0500] {logging_mixin.py:190} INFO - [2024-10-29T21:57:36.007+0500] {dagbag.py:588} INFO - Filling up the DagBag from /mnt/d/МАГИСТРАТУРА/semestr3/АМО/lab4/venv/lib/python3.10/site-packages/airflow/example_dags/plugins/listener_plugin.py
[2024-10-29T21:57:36.016+0500] {processor.py:927} WARNING - No viable dags retrieved from /mnt/d/МАГИСТРАТУРА/semestr3/АМО/lab4/venv/lib/python3.10/site-packages/airflow/example_dags/plugins/listener_plugin.py
[2024-10-29T21:57:36.042+0500] {processor.py:208} INFO - Processing /mnt/d/МАГИСТРАТУРА/semestr3/АМО/lab4/venv/lib/python3.10/site-packages/airflow/example_dags/plugins/listener_plugin.py took 0.058 seconds
