[2024-10-29T21:54:55.610+0500] {processor.py:186} INFO - Started process (PID=985) to work on /mnt/d/МАГИСТРАТУРА/semestr3/АМО/lab4/venv/lib/python3.10/site-packages/airflow/example_dags/plugins/workday.py
[2024-10-29T21:54:55.613+0500] {processor.py:914} INFO - Processing file /mnt/d/МАГИСТРАТУРА/semestr3/АМО/lab4/venv/lib/python3.10/site-packages/airflow/example_dags/plugins/workday.py for tasks to queue
[2024-10-29T21:54:55.618+0500] {logging_mixin.py:190} INFO - [2024-10-29T21:54:55.617+0500] {dagbag.py:588} INFO - Filling up the DagBag from /mnt/d/МАГИСТРАТУРА/semestr3/АМО/lab4/venv/lib/python3.10/site-packages/airflow/example_dags/plugins/workday.py
[2024-10-29T21:54:55.628+0500] {logging_mixin.py:190} INFO - [2024-10-29T21:54:55.627+0500] {workday.py:41} WARNING - Could not import pandas. Holidays will not be considered.
[2024-10-29T21:54:55.628+0500] {processor.py:927} WARNING - No viable dags retrieved from /mnt/d/МАГИСТРАТУРА/semestr3/АМО/lab4/venv/lib/python3.10/site-packages/airflow/example_dags/plugins/workday.py
[2024-10-29T21:54:55.654+0500] {processor.py:208} INFO - Processing /mnt/d/МАГИСТРАТУРА/semestr3/АМО/lab4/venv/lib/python3.10/site-packages/airflow/example_dags/plugins/workday.py took 0.062 seconds
[2024-10-29T21:56:19.723+0500] {processor.py:186} INFO - Started process (PID=1058) to work on /mnt/d/МАГИСТРАТУРА/semestr3/АМО/lab4/venv/lib/python3.10/site-packages/airflow/example_dags/plugins/workday.py
[2024-10-29T21:56:19.725+0500] {processor.py:914} INFO - Processing file /mnt/d/МАГИСТРАТУРА/semestr3/АМО/lab4/venv/lib/python3.10/site-packages/airflow/example_dags/plugins/workday.py for tasks to queue
[2024-10-29T21:56:19.733+0500] {logging_mixin.py:190} INFO - [2024-10-29T21:56:19.732+0500] {dagbag.py:588} INFO - Filling up the DagBag from /mnt/d/МАГИСТРАТУРА/semestr3/АМО/lab4/venv/lib/python3.10/site-packages/airflow/example_dags/plugins/workday.py
[2024-10-29T21:56:19.743+0500] {logging_mixin.py:190} INFO - [2024-10-29T21:56:19.743+0500] {workday.py:41} WARNING - Could not import pandas. Holidays will not be considered.
[2024-10-29T21:56:19.744+0500] {processor.py:927} WARNING - No viable dags retrieved from /mnt/d/МАГИСТРАТУРА/semestr3/АМО/lab4/venv/lib/python3.10/site-packages/airflow/example_dags/plugins/workday.py
[2024-10-29T21:56:19.777+0500] {processor.py:208} INFO - Processing /mnt/d/МАГИСТРАТУРА/semestr3/АМО/lab4/venv/lib/python3.10/site-packages/airflow/example_dags/plugins/workday.py took 0.072 seconds
[2024-10-29T21:57:01.687+0500] {processor.py:186} INFO - Started process (PID=1108) to work on /mnt/d/МАГИСТРАТУРА/semestr3/АМО/lab4/venv/lib/python3.10/site-packages/airflow/example_dags/plugins/workday.py
[2024-10-29T21:57:01.691+0500] {processor.py:914} INFO - Processing file /mnt/d/МАГИСТРАТУРА/semestr3/АМО/lab4/venv/lib/python3.10/site-packages/airflow/example_dags/plugins/workday.py for tasks to queue
[2024-10-29T21:57:01.697+0500] {logging_mixin.py:190} INFO - [2024-10-29T21:57:01.696+0500] {dagbag.py:588} INFO - Filling up the DagBag from /mnt/d/МАГИСТРАТУРА/semestr3/АМО/lab4/venv/lib/python3.10/site-packages/airflow/example_dags/plugins/workday.py
[2024-10-29T21:57:01.707+0500] {logging_mixin.py:190} INFO - [2024-10-29T21:57:01.707+0500] {workday.py:41} WARNING - Could not import pandas. Holidays will not be considered.
[2024-10-29T21:57:01.708+0500] {processor.py:927} WARNING - No viable dags retrieved from /mnt/d/МАГИСТРАТУРА/semestr3/АМО/lab4/venv/lib/python3.10/site-packages/airflow/example_dags/plugins/workday.py
[2024-10-29T21:57:01.735+0500] {processor.py:208} INFO - Processing /mnt/d/МАГИСТРАТУРА/semestr3/АМО/lab4/venv/lib/python3.10/site-packages/airflow/example_dags/plugins/workday.py took 0.067 seconds
[2024-10-29T21:57:34.823+0500] {processor.py:186} INFO - Started process (PID=1137) to work on /mnt/d/МАГИСТРАТУРА/semestr3/АМО/lab4/venv/lib/python3.10/site-packages/airflow/example_dags/plugins/workday.py
[2024-10-29T21:57:34.827+0500] {processor.py:914} INFO - Processing file /mnt/d/МАГИСТРАТУРА/semestr3/АМО/lab4/venv/lib/python3.10/site-packages/airflow/example_dags/plugins/workday.py for tasks to queue
[2024-10-29T21:57:34.832+0500] {logging_mixin.py:190} INFO - [2024-10-29T21:57:34.831+0500] {dagbag.py:588} INFO - Filling up the DagBag from /mnt/d/МАГИСТРАТУРА/semestr3/АМО/lab4/venv/lib/python3.10/site-packages/airflow/example_dags/plugins/workday.py
[2024-10-29T21:57:34.842+0500] {logging_mixin.py:190} INFO - [2024-10-29T21:57:34.841+0500] {workday.py:41} WARNING - Could not import pandas. Holidays will not be considered.
[2024-10-29T21:57:34.843+0500] {processor.py:927} WARNING - No viable dags retrieved from /mnt/d/МАГИСТРАТУРА/semestr3/АМО/lab4/venv/lib/python3.10/site-packages/airflow/example_dags/plugins/workday.py
[2024-10-29T21:57:34.869+0500] {processor.py:208} INFO - Processing /mnt/d/МАГИСТРАТУРА/semestr3/АМО/lab4/venv/lib/python3.10/site-packages/airflow/example_dags/plugins/workday.py took 0.064 seconds
