[2024-10-29T21:55:57.017+0500] {processor.py:186} INFO - Started process (PID=1033) to work on /mnt/d/МАГИСТРАТУРА/semestr3/АМО/lab4/venv/lib/python3.10/site-packages/airflow/example_dags/example_datasets.py
[2024-10-29T21:55:57.020+0500] {processor.py:914} INFO - Processing file /mnt/d/МАГИСТРАТУРА/semestr3/АМО/lab4/venv/lib/python3.10/site-packages/airflow/example_dags/example_datasets.py for tasks to queue
[2024-10-29T21:55:57.026+0500] {logging_mixin.py:190} INFO - [2024-10-29T21:55:57.025+0500] {dagbag.py:588} INFO - Filling up the DagBag from /mnt/d/МАГИСТРАТУРА/semestr3/АМО/lab4/venv/lib/python3.10/site-packages/airflow/example_dags/example_datasets.py
[2024-10-29T21:55:57.068+0500] {processor.py:925} INFO - DAG(s) 'dataset_produces_1', 'consume_1_and_2_with_dataset_expressions', 'dataset_consumes_1_never_scheduled', 'consume_1_or_2_with_dataset_expressions', 'dataset_consumes_1_and_2', 'conditional_dataset_and_time_based_timetable', 'dataset_consumes_unknown_never_scheduled', 'consume_1_or_both_2_and_3_with_dataset_expressions', 'dataset_produces_2', 'dataset_consumes_1' retrieved from /mnt/d/МАГИСТРАТУРА/semestr3/АМО/lab4/venv/lib/python3.10/site-packages/airflow/example_dags/example_datasets.py
[2024-10-29T21:55:57.338+0500] {logging_mixin.py:190} INFO - [2024-10-29T21:55:57.337+0500] {override.py:1907} INFO - Created Permission View: can delete on DAG:dataset_produces_1
[2024-10-29T21:55:57.357+0500] {logging_mixin.py:190} INFO - [2024-10-29T21:55:57.357+0500] {override.py:1907} INFO - Created Permission View: can edit on DAG:dataset_produces_1
[2024-10-29T21:55:57.371+0500] {logging_mixin.py:190} INFO - [2024-10-29T21:55:57.370+0500] {override.py:1907} INFO - Created Permission View: can read on DAG:dataset_produces_1
[2024-10-29T21:55:57.389+0500] {logging_mixin.py:190} INFO - [2024-10-29T21:55:57.388+0500] {override.py:1907} INFO - Created Permission View: can delete on DAG Run:dataset_produces_1
[2024-10-29T21:55:57.400+0500] {logging_mixin.py:190} INFO - [2024-10-29T21:55:57.399+0500] {override.py:1907} INFO - Created Permission View: can create on DAG Run:dataset_produces_1
[2024-10-29T21:55:57.411+0500] {logging_mixin.py:190} INFO - [2024-10-29T21:55:57.410+0500] {override.py:1907} INFO - Created Permission View: menu access on DAG Run:dataset_produces_1
[2024-10-29T21:55:57.422+0500] {logging_mixin.py:190} INFO - [2024-10-29T21:55:57.421+0500] {override.py:1907} INFO - Created Permission View: can read on DAG Run:dataset_produces_1
[2024-10-29T21:55:57.446+0500] {logging_mixin.py:190} INFO - [2024-10-29T21:55:57.445+0500] {override.py:1907} INFO - Created Permission View: can delete on DAG:consume_1_and_2_with_dataset_expressions
[2024-10-29T21:55:57.458+0500] {logging_mixin.py:190} INFO - [2024-10-29T21:55:57.457+0500] {override.py:1907} INFO - Created Permission View: can edit on DAG:consume_1_and_2_with_dataset_expressions
[2024-10-29T21:55:57.469+0500] {logging_mixin.py:190} INFO - [2024-10-29T21:55:57.469+0500] {override.py:1907} INFO - Created Permission View: can read on DAG:consume_1_and_2_with_dataset_expressions
[2024-10-29T21:55:57.487+0500] {logging_mixin.py:190} INFO - [2024-10-29T21:55:57.486+0500] {override.py:1907} INFO - Created Permission View: can delete on DAG Run:consume_1_and_2_with_dataset_expressions
[2024-10-29T21:55:57.498+0500] {logging_mixin.py:190} INFO - [2024-10-29T21:55:57.497+0500] {override.py:1907} INFO - Created Permission View: can create on DAG Run:consume_1_and_2_with_dataset_expressions
[2024-10-29T21:55:57.509+0500] {logging_mixin.py:190} INFO - [2024-10-29T21:55:57.508+0500] {override.py:1907} INFO - Created Permission View: menu access on DAG Run:consume_1_and_2_with_dataset_expressions
[2024-10-29T21:55:57.521+0500] {logging_mixin.py:190} INFO - [2024-10-29T21:55:57.520+0500] {override.py:1907} INFO - Created Permission View: can read on DAG Run:consume_1_and_2_with_dataset_expressions
[2024-10-29T21:55:57.544+0500] {logging_mixin.py:190} INFO - [2024-10-29T21:55:57.543+0500] {override.py:1907} INFO - Created Permission View: can delete on DAG:dataset_consumes_1_never_scheduled
[2024-10-29T21:55:57.556+0500] {logging_mixin.py:190} INFO - [2024-10-29T21:55:57.555+0500] {override.py:1907} INFO - Created Permission View: can edit on DAG:dataset_consumes_1_never_scheduled
[2024-10-29T21:55:57.567+0500] {logging_mixin.py:190} INFO - [2024-10-29T21:55:57.566+0500] {override.py:1907} INFO - Created Permission View: can read on DAG:dataset_consumes_1_never_scheduled
[2024-10-29T21:55:57.583+0500] {logging_mixin.py:190} INFO - [2024-10-29T21:55:57.583+0500] {override.py:1907} INFO - Created Permission View: can delete on DAG Run:dataset_consumes_1_never_scheduled
[2024-10-29T21:55:57.596+0500] {logging_mixin.py:190} INFO - [2024-10-29T21:55:57.595+0500] {override.py:1907} INFO - Created Permission View: can create on DAG Run:dataset_consumes_1_never_scheduled
[2024-10-29T21:55:57.609+0500] {logging_mixin.py:190} INFO - [2024-10-29T21:55:57.608+0500] {override.py:1907} INFO - Created Permission View: menu access on DAG Run:dataset_consumes_1_never_scheduled
[2024-10-29T21:55:57.621+0500] {logging_mixin.py:190} INFO - [2024-10-29T21:55:57.621+0500] {override.py:1907} INFO - Created Permission View: can read on DAG Run:dataset_consumes_1_never_scheduled
[2024-10-29T21:55:57.644+0500] {logging_mixin.py:190} INFO - [2024-10-29T21:55:57.643+0500] {override.py:1907} INFO - Created Permission View: can delete on DAG:consume_1_or_2_with_dataset_expressions
[2024-10-29T21:55:57.655+0500] {logging_mixin.py:190} INFO - [2024-10-29T21:55:57.655+0500] {override.py:1907} INFO - Created Permission View: can edit on DAG:consume_1_or_2_with_dataset_expressions
[2024-10-29T21:55:57.667+0500] {logging_mixin.py:190} INFO - [2024-10-29T21:55:57.666+0500] {override.py:1907} INFO - Created Permission View: can read on DAG:consume_1_or_2_with_dataset_expressions
[2024-10-29T21:55:57.683+0500] {logging_mixin.py:190} INFO - [2024-10-29T21:55:57.683+0500] {override.py:1907} INFO - Created Permission View: can delete on DAG Run:consume_1_or_2_with_dataset_expressions
[2024-10-29T21:55:57.695+0500] {logging_mixin.py:190} INFO - [2024-10-29T21:55:57.694+0500] {override.py:1907} INFO - Created Permission View: can create on DAG Run:consume_1_or_2_with_dataset_expressions
[2024-10-29T21:55:57.706+0500] {logging_mixin.py:190} INFO - [2024-10-29T21:55:57.705+0500] {override.py:1907} INFO - Created Permission View: menu access on DAG Run:consume_1_or_2_with_dataset_expressions
[2024-10-29T21:55:57.722+0500] {logging_mixin.py:190} INFO - [2024-10-29T21:55:57.721+0500] {override.py:1907} INFO - Created Permission View: can read on DAG Run:consume_1_or_2_with_dataset_expressions
[2024-10-29T21:55:57.746+0500] {logging_mixin.py:190} INFO - [2024-10-29T21:55:57.745+0500] {override.py:1907} INFO - Created Permission View: can delete on DAG:dataset_consumes_1_and_2
[2024-10-29T21:55:57.757+0500] {logging_mixin.py:190} INFO - [2024-10-29T21:55:57.757+0500] {override.py:1907} INFO - Created Permission View: can edit on DAG:dataset_consumes_1_and_2
[2024-10-29T21:55:57.768+0500] {logging_mixin.py:190} INFO - [2024-10-29T21:55:57.768+0500] {override.py:1907} INFO - Created Permission View: can read on DAG:dataset_consumes_1_and_2
[2024-10-29T21:55:57.785+0500] {logging_mixin.py:190} INFO - [2024-10-29T21:55:57.784+0500] {override.py:1907} INFO - Created Permission View: can delete on DAG Run:dataset_consumes_1_and_2
[2024-10-29T21:55:57.797+0500] {logging_mixin.py:190} INFO - [2024-10-29T21:55:57.796+0500] {override.py:1907} INFO - Created Permission View: can create on DAG Run:dataset_consumes_1_and_2
[2024-10-29T21:55:57.808+0500] {logging_mixin.py:190} INFO - [2024-10-29T21:55:57.808+0500] {override.py:1907} INFO - Created Permission View: menu access on DAG Run:dataset_consumes_1_and_2
[2024-10-29T21:55:57.819+0500] {logging_mixin.py:190} INFO - [2024-10-29T21:55:57.819+0500] {override.py:1907} INFO - Created Permission View: can read on DAG Run:dataset_consumes_1_and_2
[2024-10-29T21:55:57.847+0500] {logging_mixin.py:190} INFO - [2024-10-29T21:55:57.846+0500] {override.py:1907} INFO - Created Permission View: can delete on DAG:conditional_dataset_and_time_based_timetable
[2024-10-29T21:55:57.860+0500] {logging_mixin.py:190} INFO - [2024-10-29T21:55:57.859+0500] {override.py:1907} INFO - Created Permission View: can edit on DAG:conditional_dataset_and_time_based_timetable
[2024-10-29T21:55:57.873+0500] {logging_mixin.py:190} INFO - [2024-10-29T21:55:57.872+0500] {override.py:1907} INFO - Created Permission View: can read on DAG:conditional_dataset_and_time_based_timetable
[2024-10-29T21:55:57.890+0500] {logging_mixin.py:190} INFO - [2024-10-29T21:55:57.889+0500] {override.py:1907} INFO - Created Permission View: can delete on DAG Run:conditional_dataset_and_time_based_timetable
[2024-10-29T21:55:57.901+0500] {logging_mixin.py:190} INFO - [2024-10-29T21:55:57.900+0500] {override.py:1907} INFO - Created Permission View: can create on DAG Run:conditional_dataset_and_time_based_timetable
[2024-10-29T21:55:57.913+0500] {logging_mixin.py:190} INFO - [2024-10-29T21:55:57.912+0500] {override.py:1907} INFO - Created Permission View: menu access on DAG Run:conditional_dataset_and_time_based_timetable
[2024-10-29T21:55:57.925+0500] {logging_mixin.py:190} INFO - [2024-10-29T21:55:57.924+0500] {override.py:1907} INFO - Created Permission View: can read on DAG Run:conditional_dataset_and_time_based_timetable
[2024-10-29T21:55:57.954+0500] {logging_mixin.py:190} INFO - [2024-10-29T21:55:57.953+0500] {override.py:1907} INFO - Created Permission View: can delete on DAG:dataset_consumes_unknown_never_scheduled
[2024-10-29T21:55:57.969+0500] {logging_mixin.py:190} INFO - [2024-10-29T21:55:57.968+0500] {override.py:1907} INFO - Created Permission View: can edit on DAG:dataset_consumes_unknown_never_scheduled
[2024-10-29T21:55:57.980+0500] {logging_mixin.py:190} INFO - [2024-10-29T21:55:57.980+0500] {override.py:1907} INFO - Created Permission View: can read on DAG:dataset_consumes_unknown_never_scheduled
[2024-10-29T21:55:57.997+0500] {logging_mixin.py:190} INFO - [2024-10-29T21:55:57.996+0500] {override.py:1907} INFO - Created Permission View: can delete on DAG Run:dataset_consumes_unknown_never_scheduled
[2024-10-29T21:55:58.010+0500] {logging_mixin.py:190} INFO - [2024-10-29T21:55:58.009+0500] {override.py:1907} INFO - Created Permission View: can create on DAG Run:dataset_consumes_unknown_never_scheduled
[2024-10-29T21:55:58.022+0500] {logging_mixin.py:190} INFO - [2024-10-29T21:55:58.021+0500] {override.py:1907} INFO - Created Permission View: menu access on DAG Run:dataset_consumes_unknown_never_scheduled
[2024-10-29T21:55:58.033+0500] {logging_mixin.py:190} INFO - [2024-10-29T21:55:58.032+0500] {override.py:1907} INFO - Created Permission View: can read on DAG Run:dataset_consumes_unknown_never_scheduled
[2024-10-29T21:55:58.056+0500] {logging_mixin.py:190} INFO - [2024-10-29T21:55:58.055+0500] {override.py:1907} INFO - Created Permission View: can delete on DAG:consume_1_or_both_2_and_3_with_dataset_expressions
[2024-10-29T21:55:58.066+0500] {logging_mixin.py:190} INFO - [2024-10-29T21:55:58.066+0500] {override.py:1907} INFO - Created Permission View: can edit on DAG:consume_1_or_both_2_and_3_with_dataset_expressions
[2024-10-29T21:55:58.077+0500] {logging_mixin.py:190} INFO - [2024-10-29T21:55:58.077+0500] {override.py:1907} INFO - Created Permission View: can read on DAG:consume_1_or_both_2_and_3_with_dataset_expressions
[2024-10-29T21:55:58.095+0500] {logging_mixin.py:190} INFO - [2024-10-29T21:55:58.094+0500] {override.py:1907} INFO - Created Permission View: can delete on DAG Run:consume_1_or_both_2_and_3_with_dataset_expressions
[2024-10-29T21:55:58.108+0500] {logging_mixin.py:190} INFO - [2024-10-29T21:55:58.107+0500] {override.py:1907} INFO - Created Permission View: can create on DAG Run:consume_1_or_both_2_and_3_with_dataset_expressions
[2024-10-29T21:55:58.123+0500] {logging_mixin.py:190} INFO - [2024-10-29T21:55:58.122+0500] {override.py:1907} INFO - Created Permission View: menu access on DAG Run:consume_1_or_both_2_and_3_with_dataset_expressions
[2024-10-29T21:55:58.137+0500] {logging_mixin.py:190} INFO - [2024-10-29T21:55:58.136+0500] {override.py:1907} INFO - Created Permission View: can read on DAG Run:consume_1_or_both_2_and_3_with_dataset_expressions
[2024-10-29T21:55:58.165+0500] {logging_mixin.py:190} INFO - [2024-10-29T21:55:58.164+0500] {override.py:1907} INFO - Created Permission View: can delete on DAG:dataset_produces_2
[2024-10-29T21:55:58.178+0500] {logging_mixin.py:190} INFO - [2024-10-29T21:55:58.177+0500] {override.py:1907} INFO - Created Permission View: can edit on DAG:dataset_produces_2
[2024-10-29T21:55:58.190+0500] {logging_mixin.py:190} INFO - [2024-10-29T21:55:58.189+0500] {override.py:1907} INFO - Created Permission View: can read on DAG:dataset_produces_2
[2024-10-29T21:55:58.207+0500] {logging_mixin.py:190} INFO - [2024-10-29T21:55:58.206+0500] {override.py:1907} INFO - Created Permission View: can delete on DAG Run:dataset_produces_2
[2024-10-29T21:55:58.219+0500] {logging_mixin.py:190} INFO - [2024-10-29T21:55:58.219+0500] {override.py:1907} INFO - Created Permission View: can create on DAG Run:dataset_produces_2
[2024-10-29T21:55:58.231+0500] {logging_mixin.py:190} INFO - [2024-10-29T21:55:58.230+0500] {override.py:1907} INFO - Created Permission View: menu access on DAG Run:dataset_produces_2
[2024-10-29T21:55:58.244+0500] {logging_mixin.py:190} INFO - [2024-10-29T21:55:58.243+0500] {override.py:1907} INFO - Created Permission View: can read on DAG Run:dataset_produces_2
[2024-10-29T21:55:58.268+0500] {logging_mixin.py:190} INFO - [2024-10-29T21:55:58.267+0500] {override.py:1907} INFO - Created Permission View: can delete on DAG:dataset_consumes_1
[2024-10-29T21:55:58.281+0500] {logging_mixin.py:190} INFO - [2024-10-29T21:55:58.280+0500] {override.py:1907} INFO - Created Permission View: can edit on DAG:dataset_consumes_1
[2024-10-29T21:55:58.295+0500] {logging_mixin.py:190} INFO - [2024-10-29T21:55:58.294+0500] {override.py:1907} INFO - Created Permission View: can read on DAG:dataset_consumes_1
[2024-10-29T21:55:58.317+0500] {logging_mixin.py:190} INFO - [2024-10-29T21:55:58.316+0500] {override.py:1907} INFO - Created Permission View: can delete on DAG Run:dataset_consumes_1
[2024-10-29T21:55:58.330+0500] {logging_mixin.py:190} INFO - [2024-10-29T21:55:58.329+0500] {override.py:1907} INFO - Created Permission View: can create on DAG Run:dataset_consumes_1
[2024-10-29T21:55:58.342+0500] {logging_mixin.py:190} INFO - [2024-10-29T21:55:58.342+0500] {override.py:1907} INFO - Created Permission View: menu access on DAG Run:dataset_consumes_1
[2024-10-29T21:55:58.354+0500] {logging_mixin.py:190} INFO - [2024-10-29T21:55:58.353+0500] {override.py:1907} INFO - Created Permission View: can read on DAG Run:dataset_consumes_1
[2024-10-29T21:55:58.355+0500] {logging_mixin.py:190} INFO - [2024-10-29T21:55:58.355+0500] {dag.py:3239} INFO - Sync 10 DAGs
[2024-10-29T21:55:58.376+0500] {logging_mixin.py:190} INFO - [2024-10-29T21:55:58.375+0500] {dag.py:3262} INFO - Creating ORM DAG for dataset_produces_1
[2024-10-29T21:55:58.377+0500] {logging_mixin.py:190} INFO - [2024-10-29T21:55:58.377+0500] {dag.py:3262} INFO - Creating ORM DAG for dataset_produces_2
[2024-10-29T21:55:58.378+0500] {logging_mixin.py:190} INFO - [2024-10-29T21:55:58.378+0500] {dag.py:3262} INFO - Creating ORM DAG for dataset_consumes_unknown_never_scheduled
[2024-10-29T21:55:58.380+0500] {logging_mixin.py:190} INFO - [2024-10-29T21:55:58.379+0500] {dag.py:3262} INFO - Creating ORM DAG for consume_1_or_both_2_and_3_with_dataset_expressions
[2024-10-29T21:55:58.381+0500] {logging_mixin.py:190} INFO - [2024-10-29T21:55:58.380+0500] {dag.py:3262} INFO - Creating ORM DAG for conditional_dataset_and_time_based_timetable
[2024-10-29T21:55:58.382+0500] {logging_mixin.py:190} INFO - [2024-10-29T21:55:58.382+0500] {dag.py:3262} INFO - Creating ORM DAG for consume_1_and_2_with_dataset_expressions
[2024-10-29T21:55:58.383+0500] {logging_mixin.py:190} INFO - [2024-10-29T21:55:58.383+0500] {dag.py:3262} INFO - Creating ORM DAG for dataset_consumes_1
[2024-10-29T21:55:58.384+0500] {logging_mixin.py:190} INFO - [2024-10-29T21:55:58.384+0500] {dag.py:3262} INFO - Creating ORM DAG for dataset_consumes_1_and_2
[2024-10-29T21:55:58.385+0500] {logging_mixin.py:190} INFO - [2024-10-29T21:55:58.385+0500] {dag.py:3262} INFO - Creating ORM DAG for consume_1_or_2_with_dataset_expressions
[2024-10-29T21:55:58.386+0500] {logging_mixin.py:190} INFO - [2024-10-29T21:55:58.386+0500] {dag.py:3262} INFO - Creating ORM DAG for dataset_consumes_1_never_scheduled
[2024-10-29T21:55:58.401+0500] {logging_mixin.py:190} INFO - [2024-10-29T21:55:58.401+0500] {dag.py:4180} INFO - Setting next_dagrun for conditional_dataset_and_time_based_timetable to 2024-10-23 01:00:00+00:00, run_after=2024-10-23 01:00:00+00:00
[2024-10-29T21:55:58.402+0500] {logging_mixin.py:190} INFO - [2024-10-29T21:55:58.402+0500] {dag.py:4180} INFO - Setting next_dagrun for consume_1_and_2_with_dataset_expressions to None, run_after=None
[2024-10-29T21:55:58.403+0500] {logging_mixin.py:190} INFO - [2024-10-29T21:55:58.403+0500] {dag.py:4180} INFO - Setting next_dagrun for consume_1_or_2_with_dataset_expressions to None, run_after=None
[2024-10-29T21:55:58.404+0500] {logging_mixin.py:190} INFO - [2024-10-29T21:55:58.403+0500] {dag.py:4180} INFO - Setting next_dagrun for consume_1_or_both_2_and_3_with_dataset_expressions to None, run_after=None
[2024-10-29T21:55:58.404+0500] {logging_mixin.py:190} INFO - [2024-10-29T21:55:58.404+0500] {dag.py:4180} INFO - Setting next_dagrun for dataset_consumes_1 to None, run_after=None
[2024-10-29T21:55:58.405+0500] {logging_mixin.py:190} INFO - [2024-10-29T21:55:58.405+0500] {dag.py:4180} INFO - Setting next_dagrun for dataset_consumes_1_and_2 to None, run_after=None
[2024-10-29T21:55:58.406+0500] {logging_mixin.py:190} INFO - [2024-10-29T21:55:58.406+0500] {dag.py:4180} INFO - Setting next_dagrun for dataset_consumes_1_never_scheduled to None, run_after=None
[2024-10-29T21:55:58.407+0500] {logging_mixin.py:190} INFO - [2024-10-29T21:55:58.407+0500] {dag.py:4180} INFO - Setting next_dagrun for dataset_consumes_unknown_never_scheduled to None, run_after=None
[2024-10-29T21:55:58.409+0500] {logging_mixin.py:190} INFO - [2024-10-29T21:55:58.409+0500] {dag.py:4180} INFO - Setting next_dagrun for dataset_produces_1 to 2024-10-28 00:00:00+00:00, run_after=2024-10-29 00:00:00+00:00
[2024-10-29T21:55:58.410+0500] {logging_mixin.py:190} INFO - [2024-10-29T21:55:58.410+0500] {dag.py:4180} INFO - Setting next_dagrun for dataset_produces_2 to None, run_after=None
[2024-10-29T21:55:58.459+0500] {processor.py:208} INFO - Processing /mnt/d/МАГИСТРАТУРА/semestr3/АМО/lab4/venv/lib/python3.10/site-packages/airflow/example_dags/example_datasets.py took 1.465 seconds
[2024-10-29T21:57:18.588+0500] {processor.py:186} INFO - Started process (PID=1123) to work on /mnt/d/МАГИСТРАТУРА/semestr3/АМО/lab4/venv/lib/python3.10/site-packages/airflow/example_dags/example_datasets.py
[2024-10-29T21:57:18.590+0500] {processor.py:914} INFO - Processing file /mnt/d/МАГИСТРАТУРА/semestr3/АМО/lab4/venv/lib/python3.10/site-packages/airflow/example_dags/example_datasets.py for tasks to queue
[2024-10-29T21:57:18.595+0500] {logging_mixin.py:190} INFO - [2024-10-29T21:57:18.594+0500] {dagbag.py:588} INFO - Filling up the DagBag from /mnt/d/МАГИСТРАТУРА/semestr3/АМО/lab4/venv/lib/python3.10/site-packages/airflow/example_dags/example_datasets.py
[2024-10-29T21:57:18.633+0500] {processor.py:925} INFO - DAG(s) 'dataset_produces_1', 'dataset_produces_2', 'dataset_consumes_1_and_2', 'dataset_consumes_unknown_never_scheduled', 'consume_1_and_2_with_dataset_expressions', 'conditional_dataset_and_time_based_timetable', 'dataset_consumes_1_never_scheduled', 'consume_1_or_both_2_and_3_with_dataset_expressions', 'consume_1_or_2_with_dataset_expressions', 'dataset_consumes_1' retrieved from /mnt/d/МАГИСТРАТУРА/semestr3/АМО/lab4/venv/lib/python3.10/site-packages/airflow/example_dags/example_datasets.py
[2024-10-29T21:57:18.693+0500] {logging_mixin.py:190} INFO - [2024-10-29T21:57:18.693+0500] {dag.py:3239} INFO - Sync 10 DAGs
[2024-10-29T21:57:18.731+0500] {logging_mixin.py:190} INFO - [2024-10-29T21:57:18.730+0500] {dag.py:4180} INFO - Setting next_dagrun for conditional_dataset_and_time_based_timetable to 2024-10-23 01:00:00+00:00, run_after=2024-10-23 01:00:00+00:00
[2024-10-29T21:57:18.735+0500] {logging_mixin.py:190} INFO - [2024-10-29T21:57:18.735+0500] {dag.py:4180} INFO - Setting next_dagrun for consume_1_and_2_with_dataset_expressions to None, run_after=None
[2024-10-29T21:57:18.737+0500] {logging_mixin.py:190} INFO - [2024-10-29T21:57:18.737+0500] {dag.py:4180} INFO - Setting next_dagrun for consume_1_or_2_with_dataset_expressions to None, run_after=None
[2024-10-29T21:57:18.739+0500] {logging_mixin.py:190} INFO - [2024-10-29T21:57:18.738+0500] {dag.py:4180} INFO - Setting next_dagrun for consume_1_or_both_2_and_3_with_dataset_expressions to None, run_after=None
[2024-10-29T21:57:18.740+0500] {logging_mixin.py:190} INFO - [2024-10-29T21:57:18.740+0500] {dag.py:4180} INFO - Setting next_dagrun for dataset_consumes_1 to None, run_after=None
[2024-10-29T21:57:18.742+0500] {logging_mixin.py:190} INFO - [2024-10-29T21:57:18.741+0500] {dag.py:4180} INFO - Setting next_dagrun for dataset_consumes_1_and_2 to None, run_after=None
[2024-10-29T21:57:18.744+0500] {logging_mixin.py:190} INFO - [2024-10-29T21:57:18.743+0500] {dag.py:4180} INFO - Setting next_dagrun for dataset_consumes_1_never_scheduled to None, run_after=None
[2024-10-29T21:57:18.745+0500] {logging_mixin.py:190} INFO - [2024-10-29T21:57:18.745+0500] {dag.py:4180} INFO - Setting next_dagrun for dataset_consumes_unknown_never_scheduled to None, run_after=None
[2024-10-29T21:57:18.748+0500] {logging_mixin.py:190} INFO - [2024-10-29T21:57:18.748+0500] {dag.py:4180} INFO - Setting next_dagrun for dataset_produces_1 to 2024-10-28 00:00:00+00:00, run_after=2024-10-29 00:00:00+00:00
[2024-10-29T21:57:18.750+0500] {logging_mixin.py:190} INFO - [2024-10-29T21:57:18.750+0500] {dag.py:4180} INFO - Setting next_dagrun for dataset_produces_2 to None, run_after=None
[2024-10-29T21:57:18.799+0500] {processor.py:208} INFO - Processing /mnt/d/МАГИСТРАТУРА/semestr3/АМО/lab4/venv/lib/python3.10/site-packages/airflow/example_dags/example_datasets.py took 0.227 seconds
