[2024-10-29T21:55:52.421+0500] {processor.py:186} INFO - Started process (PID=1030) to work on /mnt/d/МАГИСТРАТУРА/semestr3/АМО/lab4/venv/lib/python3.10/site-packages/airflow/example_dags/example_dynamic_task_mapping_with_no_taskflow_operators.py
[2024-10-29T21:55:52.424+0500] {processor.py:914} INFO - Processing file /mnt/d/МАГИСТРАТУРА/semestr3/АМО/lab4/venv/lib/python3.10/site-packages/airflow/example_dags/example_dynamic_task_mapping_with_no_taskflow_operators.py for tasks to queue
[2024-10-29T21:55:52.432+0500] {logging_mixin.py:190} INFO - [2024-10-29T21:55:52.431+0500] {dagbag.py:588} INFO - Filling up the DagBag from /mnt/d/МАГИСТРАТУРА/semestr3/АМО/lab4/venv/lib/python3.10/site-packages/airflow/example_dags/example_dynamic_task_mapping_with_no_taskflow_operators.py
[2024-10-29T21:55:52.460+0500] {processor.py:925} INFO - DAG(s) 'example_dynamic_task_mapping_with_no_taskflow_operators' retrieved from /mnt/d/МАГИСТРАТУРА/semestr3/АМО/lab4/venv/lib/python3.10/site-packages/airflow/example_dags/example_dynamic_task_mapping_with_no_taskflow_operators.py
[2024-10-29T21:55:52.721+0500] {logging_mixin.py:190} INFO - [2024-10-29T21:55:52.720+0500] {override.py:1907} INFO - Created Permission View: can delete on DAG:example_dynamic_task_mapping_with_no_taskflow_operators
[2024-10-29T21:55:52.737+0500] {logging_mixin.py:190} INFO - [2024-10-29T21:55:52.736+0500] {override.py:1907} INFO - Created Permission View: can edit on DAG:example_dynamic_task_mapping_with_no_taskflow_operators
[2024-10-29T21:55:52.748+0500] {logging_mixin.py:190} INFO - [2024-10-29T21:55:52.747+0500] {override.py:1907} INFO - Created Permission View: can read on DAG:example_dynamic_task_mapping_with_no_taskflow_operators
[2024-10-29T21:55:52.765+0500] {logging_mixin.py:190} INFO - [2024-10-29T21:55:52.764+0500] {override.py:1907} INFO - Created Permission View: can delete on DAG Run:example_dynamic_task_mapping_with_no_taskflow_operators
[2024-10-29T21:55:52.776+0500] {logging_mixin.py:190} INFO - [2024-10-29T21:55:52.775+0500] {override.py:1907} INFO - Created Permission View: can create on DAG Run:example_dynamic_task_mapping_with_no_taskflow_operators
[2024-10-29T21:55:52.786+0500] {logging_mixin.py:190} INFO - [2024-10-29T21:55:52.786+0500] {override.py:1907} INFO - Created Permission View: menu access on DAG Run:example_dynamic_task_mapping_with_no_taskflow_operators
[2024-10-29T21:55:52.797+0500] {logging_mixin.py:190} INFO - [2024-10-29T21:55:52.797+0500] {override.py:1907} INFO - Created Permission View: can read on DAG Run:example_dynamic_task_mapping_with_no_taskflow_operators
[2024-10-29T21:55:52.798+0500] {logging_mixin.py:190} INFO - [2024-10-29T21:55:52.798+0500] {dag.py:3239} INFO - Sync 1 DAGs
[2024-10-29T21:55:52.817+0500] {logging_mixin.py:190} INFO - [2024-10-29T21:55:52.817+0500] {dag.py:3262} INFO - Creating ORM DAG for example_dynamic_task_mapping_with_no_taskflow_operators
[2024-10-29T21:55:52.818+0500] {logging_mixin.py:190} INFO - [2024-10-29T21:55:52.818+0500] {dag.py:4180} INFO - Setting next_dagrun for example_dynamic_task_mapping_with_no_taskflow_operators to None, run_after=None
[2024-10-29T21:55:52.848+0500] {processor.py:208} INFO - Processing /mnt/d/МАГИСТРАТУРА/semestr3/АМО/lab4/venv/lib/python3.10/site-packages/airflow/example_dags/example_dynamic_task_mapping_with_no_taskflow_operators.py took 0.448 seconds
[2024-10-29T21:57:14.715+0500] {processor.py:186} INFO - Started process (PID=1120) to work on /mnt/d/МАГИСТРАТУРА/semestr3/АМО/lab4/venv/lib/python3.10/site-packages/airflow/example_dags/example_dynamic_task_mapping_with_no_taskflow_operators.py
[2024-10-29T21:57:14.717+0500] {processor.py:914} INFO - Processing file /mnt/d/МАГИСТРАТУРА/semestr3/АМО/lab4/venv/lib/python3.10/site-packages/airflow/example_dags/example_dynamic_task_mapping_with_no_taskflow_operators.py for tasks to queue
[2024-10-29T21:57:14.724+0500] {logging_mixin.py:190} INFO - [2024-10-29T21:57:14.723+0500] {dagbag.py:588} INFO - Filling up the DagBag from /mnt/d/МАГИСТРАТУРА/semestr3/АМО/lab4/venv/lib/python3.10/site-packages/airflow/example_dags/example_dynamic_task_mapping_with_no_taskflow_operators.py
[2024-10-29T21:57:14.748+0500] {processor.py:925} INFO - DAG(s) 'example_dynamic_task_mapping_with_no_taskflow_operators' retrieved from /mnt/d/МАГИСТРАТУРА/semestr3/АМО/lab4/venv/lib/python3.10/site-packages/airflow/example_dags/example_dynamic_task_mapping_with_no_taskflow_operators.py
[2024-10-29T21:57:14.783+0500] {logging_mixin.py:190} INFO - [2024-10-29T21:57:14.783+0500] {dag.py:3239} INFO - Sync 1 DAGs
[2024-10-29T21:57:14.806+0500] {logging_mixin.py:190} INFO - [2024-10-29T21:57:14.805+0500] {dag.py:4180} INFO - Setting next_dagrun for example_dynamic_task_mapping_with_no_taskflow_operators to None, run_after=None
[2024-10-29T21:57:14.845+0500] {processor.py:208} INFO - Processing /mnt/d/МАГИСТРАТУРА/semestr3/АМО/lab4/venv/lib/python3.10/site-packages/airflow/example_dags/example_dynamic_task_mapping_with_no_taskflow_operators.py took 0.148 seconds
