[2024-10-29T21:55:23.135+0500] {processor.py:186} INFO - Started process (PID=1004) to work on /mnt/d/МАГИСТРАТУРА/semestr3/АМО/lab4/venv/lib/python3.10/site-packages/airflow/example_dags/example_skip_dag.py
[2024-10-29T21:55:23.139+0500] {processor.py:914} INFO - Processing file /mnt/d/МАГИСТРАТУРА/semestr3/АМО/lab4/venv/lib/python3.10/site-packages/airflow/example_dags/example_skip_dag.py for tasks to queue
[2024-10-29T21:55:23.144+0500] {logging_mixin.py:190} INFO - [2024-10-29T21:55:23.143+0500] {dagbag.py:588} INFO - Filling up the DagBag from /mnt/d/МАГИСТРАТУРА/semestr3/АМО/lab4/venv/lib/python3.10/site-packages/airflow/example_dags/example_skip_dag.py
[2024-10-29T21:55:23.171+0500] {processor.py:925} INFO - DAG(s) 'example_skip_dag' retrieved from /mnt/d/МАГИСТРАТУРА/semestr3/АМО/lab4/venv/lib/python3.10/site-packages/airflow/example_dags/example_skip_dag.py
[2024-10-29T21:55:23.454+0500] {logging_mixin.py:190} INFO - [2024-10-29T21:55:23.452+0500] {override.py:1907} INFO - Created Permission View: can delete on DAG:example_skip_dag
[2024-10-29T21:55:23.471+0500] {logging_mixin.py:190} INFO - [2024-10-29T21:55:23.471+0500] {override.py:1907} INFO - Created Permission View: can edit on DAG:example_skip_dag
[2024-10-29T21:55:23.485+0500] {logging_mixin.py:190} INFO - [2024-10-29T21:55:23.484+0500] {override.py:1907} INFO - Created Permission View: can read on DAG:example_skip_dag
[2024-10-29T21:55:23.505+0500] {logging_mixin.py:190} INFO - [2024-10-29T21:55:23.504+0500] {override.py:1907} INFO - Created Permission View: can delete on DAG Run:example_skip_dag
[2024-10-29T21:55:23.518+0500] {logging_mixin.py:190} INFO - [2024-10-29T21:55:23.517+0500] {override.py:1907} INFO - Created Permission View: can create on DAG Run:example_skip_dag
[2024-10-29T21:55:23.531+0500] {logging_mixin.py:190} INFO - [2024-10-29T21:55:23.530+0500] {override.py:1907} INFO - Created Permission View: menu access on DAG Run:example_skip_dag
[2024-10-29T21:55:23.543+0500] {logging_mixin.py:190} INFO - [2024-10-29T21:55:23.542+0500] {override.py:1907} INFO - Created Permission View: can read on DAG Run:example_skip_dag
[2024-10-29T21:55:23.544+0500] {logging_mixin.py:190} INFO - [2024-10-29T21:55:23.543+0500] {dag.py:3239} INFO - Sync 1 DAGs
[2024-10-29T21:55:23.567+0500] {logging_mixin.py:190} INFO - [2024-10-29T21:55:23.566+0500] {dag.py:3262} INFO - Creating ORM DAG for example_skip_dag
[2024-10-29T21:55:23.583+0500] {logging_mixin.py:190} INFO - [2024-10-29T21:55:23.582+0500] {dag.py:4180} INFO - Setting next_dagrun for example_skip_dag to 2024-10-28 00:00:00+00:00, run_after=2024-10-29 00:00:00+00:00
[2024-10-29T21:55:23.612+0500] {processor.py:208} INFO - Processing /mnt/d/МАГИСТРАТУРА/semestr3/АМО/lab4/venv/lib/python3.10/site-packages/airflow/example_dags/example_skip_dag.py took 0.500 seconds
[2024-10-29T21:56:42.837+0500] {processor.py:186} INFO - Started process (PID=1089) to work on /mnt/d/МАГИСТРАТУРА/semestr3/АМО/lab4/venv/lib/python3.10/site-packages/airflow/example_dags/example_skip_dag.py
[2024-10-29T21:56:42.840+0500] {processor.py:914} INFO - Processing file /mnt/d/МАГИСТРАТУРА/semestr3/АМО/lab4/venv/lib/python3.10/site-packages/airflow/example_dags/example_skip_dag.py for tasks to queue
[2024-10-29T21:56:42.845+0500] {logging_mixin.py:190} INFO - [2024-10-29T21:56:42.844+0500] {dagbag.py:588} INFO - Filling up the DagBag from /mnt/d/МАГИСТРАТУРА/semestr3/АМО/lab4/venv/lib/python3.10/site-packages/airflow/example_dags/example_skip_dag.py
[2024-10-29T21:56:42.876+0500] {processor.py:925} INFO - DAG(s) 'example_skip_dag' retrieved from /mnt/d/МАГИСТРАТУРА/semestr3/АМО/lab4/venv/lib/python3.10/site-packages/airflow/example_dags/example_skip_dag.py
[2024-10-29T21:56:42.918+0500] {logging_mixin.py:190} INFO - [2024-10-29T21:56:42.917+0500] {dag.py:3239} INFO - Sync 1 DAGs
[2024-10-29T21:56:42.959+0500] {logging_mixin.py:190} INFO - [2024-10-29T21:56:42.959+0500] {dag.py:4180} INFO - Setting next_dagrun for example_skip_dag to 2024-10-28 00:00:00+00:00, run_after=2024-10-29 00:00:00+00:00
[2024-10-29T21:56:42.994+0500] {processor.py:208} INFO - Processing /mnt/d/МАГИСТРАТУРА/semestr3/АМО/lab4/venv/lib/python3.10/site-packages/airflow/example_dags/example_skip_dag.py took 0.178 seconds
