[2024-10-29T21:55:24.461+0500] {processor.py:186} INFO - Started process (PID=1005) to work on /mnt/d/МАГИСТРАТУРА/semestr3/АМО/lab4/venv/lib/python3.10/site-packages/airflow/example_dags/example_short_circuit_operator.py
[2024-10-29T21:55:24.464+0500] {processor.py:914} INFO - Processing file /mnt/d/МАГИСТРАТУРА/semestr3/АМО/lab4/venv/lib/python3.10/site-packages/airflow/example_dags/example_short_circuit_operator.py for tasks to queue
[2024-10-29T21:55:24.471+0500] {logging_mixin.py:190} INFO - [2024-10-29T21:55:24.470+0500] {dagbag.py:588} INFO - Filling up the DagBag from /mnt/d/МАГИСТРАТУРА/semestr3/АМО/lab4/venv/lib/python3.10/site-packages/airflow/example_dags/example_short_circuit_operator.py
[2024-10-29T21:55:24.503+0500] {processor.py:925} INFO - DAG(s) 'example_short_circuit_operator' retrieved from /mnt/d/МАГИСТРАТУРА/semestr3/АМО/lab4/venv/lib/python3.10/site-packages/airflow/example_dags/example_short_circuit_operator.py
[2024-10-29T21:55:24.791+0500] {logging_mixin.py:190} INFO - [2024-10-29T21:55:24.790+0500] {override.py:1907} INFO - Created Permission View: can delete on DAG:example_short_circuit_operator
[2024-10-29T21:55:24.807+0500] {logging_mixin.py:190} INFO - [2024-10-29T21:55:24.806+0500] {override.py:1907} INFO - Created Permission View: can edit on DAG:example_short_circuit_operator
[2024-10-29T21:55:24.820+0500] {logging_mixin.py:190} INFO - [2024-10-29T21:55:24.819+0500] {override.py:1907} INFO - Created Permission View: can read on DAG:example_short_circuit_operator
[2024-10-29T21:55:24.838+0500] {logging_mixin.py:190} INFO - [2024-10-29T21:55:24.837+0500] {override.py:1907} INFO - Created Permission View: can delete on DAG Run:example_short_circuit_operator
[2024-10-29T21:55:24.851+0500] {logging_mixin.py:190} INFO - [2024-10-29T21:55:24.851+0500] {override.py:1907} INFO - Created Permission View: can create on DAG Run:example_short_circuit_operator
[2024-10-29T21:55:24.863+0500] {logging_mixin.py:190} INFO - [2024-10-29T21:55:24.862+0500] {override.py:1907} INFO - Created Permission View: menu access on DAG Run:example_short_circuit_operator
[2024-10-29T21:55:24.874+0500] {logging_mixin.py:190} INFO - [2024-10-29T21:55:24.874+0500] {override.py:1907} INFO - Created Permission View: can read on DAG Run:example_short_circuit_operator
[2024-10-29T21:55:24.875+0500] {logging_mixin.py:190} INFO - [2024-10-29T21:55:24.875+0500] {dag.py:3239} INFO - Sync 1 DAGs
[2024-10-29T21:55:24.894+0500] {logging_mixin.py:190} INFO - [2024-10-29T21:55:24.894+0500] {dag.py:3262} INFO - Creating ORM DAG for example_short_circuit_operator
[2024-10-29T21:55:24.895+0500] {logging_mixin.py:190} INFO - [2024-10-29T21:55:24.895+0500] {dag.py:4180} INFO - Setting next_dagrun for example_short_circuit_operator to None, run_after=None
[2024-10-29T21:55:24.922+0500] {processor.py:208} INFO - Processing /mnt/d/МАГИСТРАТУРА/semestr3/АМО/lab4/venv/lib/python3.10/site-packages/airflow/example_dags/example_short_circuit_operator.py took 0.483 seconds
[2024-10-29T21:56:44.121+0500] {processor.py:186} INFO - Started process (PID=1090) to work on /mnt/d/МАГИСТРАТУРА/semestr3/АМО/lab4/venv/lib/python3.10/site-packages/airflow/example_dags/example_short_circuit_operator.py
[2024-10-29T21:56:44.124+0500] {processor.py:914} INFO - Processing file /mnt/d/МАГИСТРАТУРА/semestr3/АМО/lab4/venv/lib/python3.10/site-packages/airflow/example_dags/example_short_circuit_operator.py for tasks to queue
[2024-10-29T21:56:44.130+0500] {logging_mixin.py:190} INFO - [2024-10-29T21:56:44.129+0500] {dagbag.py:588} INFO - Filling up the DagBag from /mnt/d/МАГИСТРАТУРА/semestr3/АМО/lab4/venv/lib/python3.10/site-packages/airflow/example_dags/example_short_circuit_operator.py
[2024-10-29T21:56:44.161+0500] {processor.py:925} INFO - DAG(s) 'example_short_circuit_operator' retrieved from /mnt/d/МАГИСТРАТУРА/semestr3/АМО/lab4/venv/lib/python3.10/site-packages/airflow/example_dags/example_short_circuit_operator.py
[2024-10-29T21:56:44.205+0500] {logging_mixin.py:190} INFO - [2024-10-29T21:56:44.205+0500] {dag.py:3239} INFO - Sync 1 DAGs
[2024-10-29T21:56:44.235+0500] {logging_mixin.py:190} INFO - [2024-10-29T21:56:44.235+0500] {dag.py:4180} INFO - Setting next_dagrun for example_short_circuit_operator to None, run_after=None
[2024-10-29T21:56:44.276+0500] {processor.py:208} INFO - Processing /mnt/d/МАГИСТРАТУРА/semestr3/АМО/lab4/venv/lib/python3.10/site-packages/airflow/example_dags/example_short_circuit_operator.py took 0.173 seconds
