[2024-10-29T21:55:19.737+0500] {processor.py:186} INFO - Started process (PID=1002) to work on /mnt/d/МАГИСТРАТУРА/semestr3/АМО/lab4/venv/lib/python3.10/site-packages/airflow/example_dags/example_subdag_operator.py
[2024-10-29T21:55:19.740+0500] {processor.py:914} INFO - Processing file /mnt/d/МАГИСТРАТУРА/semestr3/АМО/lab4/venv/lib/python3.10/site-packages/airflow/example_dags/example_subdag_operator.py for tasks to queue
[2024-10-29T21:55:19.747+0500] {logging_mixin.py:190} INFO - [2024-10-29T21:55:19.746+0500] {dagbag.py:588} INFO - Filling up the DagBag from /mnt/d/МАГИСТРАТУРА/semestr3/АМО/lab4/venv/lib/python3.10/site-packages/airflow/example_dags/example_subdag_operator.py
[2024-10-29T21:55:19.819+0500] {processor.py:925} INFO - DAG(s) 'example_subdag_operator.section-1', 'example_subdag_operator.section-2', 'example_subdag_operator' retrieved from /mnt/d/МАГИСТРАТУРА/semestr3/АМО/lab4/venv/lib/python3.10/site-packages/airflow/example_dags/example_subdag_operator.py
[2024-10-29T21:55:20.078+0500] {logging_mixin.py:190} INFO - [2024-10-29T21:55:20.076+0500] {override.py:1907} INFO - Created Permission View: can delete on DAG:example_subdag_operator
[2024-10-29T21:55:20.096+0500] {logging_mixin.py:190} INFO - [2024-10-29T21:55:20.096+0500] {override.py:1907} INFO - Created Permission View: can edit on DAG:example_subdag_operator
[2024-10-29T21:55:20.109+0500] {logging_mixin.py:190} INFO - [2024-10-29T21:55:20.108+0500] {override.py:1907} INFO - Created Permission View: can read on DAG:example_subdag_operator
[2024-10-29T21:55:20.129+0500] {logging_mixin.py:190} INFO - [2024-10-29T21:55:20.129+0500] {override.py:1907} INFO - Created Permission View: can delete on DAG Run:example_subdag_operator
[2024-10-29T21:55:20.142+0500] {logging_mixin.py:190} INFO - [2024-10-29T21:55:20.141+0500] {override.py:1907} INFO - Created Permission View: can create on DAG Run:example_subdag_operator
[2024-10-29T21:55:20.154+0500] {logging_mixin.py:190} INFO - [2024-10-29T21:55:20.153+0500] {override.py:1907} INFO - Created Permission View: menu access on DAG Run:example_subdag_operator
[2024-10-29T21:55:20.167+0500] {logging_mixin.py:190} INFO - [2024-10-29T21:55:20.166+0500] {override.py:1907} INFO - Created Permission View: can read on DAG Run:example_subdag_operator
[2024-10-29T21:55:20.168+0500] {logging_mixin.py:190} INFO - [2024-10-29T21:55:20.168+0500] {dag.py:3239} INFO - Sync 3 DAGs
[2024-10-29T21:55:20.187+0500] {logging_mixin.py:190} INFO - [2024-10-29T21:55:20.187+0500] {dag.py:3262} INFO - Creating ORM DAG for example_subdag_operator
[2024-10-29T21:55:20.188+0500] {logging_mixin.py:190} INFO - [2024-10-29T21:55:20.188+0500] {dag.py:3262} INFO - Creating ORM DAG for example_subdag_operator.section-2
[2024-10-29T21:55:20.189+0500] {logging_mixin.py:190} INFO - [2024-10-29T21:55:20.189+0500] {dag.py:3262} INFO - Creating ORM DAG for example_subdag_operator.section-1
[2024-10-29T21:55:20.202+0500] {logging_mixin.py:190} INFO - [2024-10-29T21:55:20.202+0500] {dag.py:4180} INFO - Setting next_dagrun for example_subdag_operator to 2022-01-01 00:00:00+00:00, run_after=2022-01-01 00:00:00+00:00
[2024-10-29T21:55:20.204+0500] {logging_mixin.py:190} INFO - [2024-10-29T21:55:20.203+0500] {dag.py:4180} INFO - Setting next_dagrun for example_subdag_operator.section-1 to None, run_after=None
[2024-10-29T21:55:20.204+0500] {logging_mixin.py:190} INFO - [2024-10-29T21:55:20.204+0500] {dag.py:4180} INFO - Setting next_dagrun for example_subdag_operator.section-2 to None, run_after=None
[2024-10-29T21:55:20.217+0500] {logging_mixin.py:190} INFO - [2024-10-29T21:55:20.217+0500] {dag.py:3239} INFO - Sync 2 DAGs
[2024-10-29T21:55:20.224+0500] {logging_mixin.py:190} INFO - [2024-10-29T21:55:20.224+0500] {dag.py:4180} INFO - Setting next_dagrun for example_subdag_operator.section-1 to None, run_after=None
[2024-10-29T21:55:20.231+0500] {logging_mixin.py:190} INFO - [2024-10-29T21:55:20.230+0500] {dag.py:4180} INFO - Setting next_dagrun for example_subdag_operator.section-2 to None, run_after=None
[2024-10-29T21:55:20.251+0500] {processor.py:208} INFO - Processing /mnt/d/МАГИСТРАТУРА/semestr3/АМО/lab4/venv/lib/python3.10/site-packages/airflow/example_dags/example_subdag_operator.py took 0.536 seconds
[2024-10-29T21:56:40.357+0500] {processor.py:186} INFO - Started process (PID=1087) to work on /mnt/d/МАГИСТРАТУРА/semestr3/АМО/lab4/venv/lib/python3.10/site-packages/airflow/example_dags/example_subdag_operator.py
[2024-10-29T21:56:40.359+0500] {processor.py:914} INFO - Processing file /mnt/d/МАГИСТРАТУРА/semestr3/АМО/lab4/venv/lib/python3.10/site-packages/airflow/example_dags/example_subdag_operator.py for tasks to queue
[2024-10-29T21:56:40.365+0500] {logging_mixin.py:190} INFO - [2024-10-29T21:56:40.364+0500] {dagbag.py:588} INFO - Filling up the DagBag from /mnt/d/МАГИСТРАТУРА/semestr3/АМО/lab4/venv/lib/python3.10/site-packages/airflow/example_dags/example_subdag_operator.py
[2024-10-29T21:56:40.422+0500] {processor.py:925} INFO - DAG(s) 'example_subdag_operator.section-1', 'example_subdag_operator.section-2', 'example_subdag_operator' retrieved from /mnt/d/МАГИСТРАТУРА/semestr3/АМО/lab4/venv/lib/python3.10/site-packages/airflow/example_dags/example_subdag_operator.py
[2024-10-29T21:56:40.451+0500] {logging_mixin.py:190} INFO - [2024-10-29T21:56:40.451+0500] {dag.py:3239} INFO - Sync 3 DAGs
[2024-10-29T21:56:40.489+0500] {logging_mixin.py:190} INFO - [2024-10-29T21:56:40.488+0500] {dag.py:4180} INFO - Setting next_dagrun for example_subdag_operator to 2022-01-01 00:00:00+00:00, run_after=2022-01-01 00:00:00+00:00
[2024-10-29T21:56:40.497+0500] {logging_mixin.py:190} INFO - [2024-10-29T21:56:40.497+0500] {dag.py:4180} INFO - Setting next_dagrun for example_subdag_operator.section-1 to None, run_after=None
[2024-10-29T21:56:40.500+0500] {logging_mixin.py:190} INFO - [2024-10-29T21:56:40.500+0500] {dag.py:4180} INFO - Setting next_dagrun for example_subdag_operator.section-2 to None, run_after=None
[2024-10-29T21:56:40.519+0500] {logging_mixin.py:190} INFO - [2024-10-29T21:56:40.518+0500] {dag.py:3239} INFO - Sync 2 DAGs
[2024-10-29T21:56:40.528+0500] {logging_mixin.py:190} INFO - [2024-10-29T21:56:40.527+0500] {dag.py:4180} INFO - Setting next_dagrun for example_subdag_operator.section-1 to None, run_after=None
[2024-10-29T21:56:40.529+0500] {logging_mixin.py:190} INFO - [2024-10-29T21:56:40.528+0500] {dag.py:4180} INFO - Setting next_dagrun for example_subdag_operator.section-2 to None, run_after=None
[2024-10-29T21:56:40.557+0500] {processor.py:208} INFO - Processing /mnt/d/МАГИСТРАТУРА/semestr3/АМО/lab4/venv/lib/python3.10/site-packages/airflow/example_dags/example_subdag_operator.py took 0.216 seconds
