[2024-10-29T21:56:13.821+0500] {processor.py:186} INFO - Started process (PID=1051) to work on /mnt/d/МАГИСТРАТУРА/semestr3/АМО/lab4/venv/lib/python3.10/site-packages/airflow/example_dags/example_branch_datetime_operator.py
[2024-10-29T21:56:13.824+0500] {processor.py:914} INFO - Processing file /mnt/d/МАГИСТРАТУРА/semestr3/АМО/lab4/venv/lib/python3.10/site-packages/airflow/example_dags/example_branch_datetime_operator.py for tasks to queue
[2024-10-29T21:56:13.831+0500] {logging_mixin.py:190} INFO - [2024-10-29T21:56:13.830+0500] {dagbag.py:588} INFO - Filling up the DagBag from /mnt/d/МАГИСТРАТУРА/semestr3/АМО/lab4/venv/lib/python3.10/site-packages/airflow/example_dags/example_branch_datetime_operator.py
[2024-10-29T21:56:13.865+0500] {processor.py:925} INFO - DAG(s) 'example_branch_datetime_operator_3', 'example_branch_datetime_operator', 'example_branch_datetime_operator_2' retrieved from /mnt/d/МАГИСТРАТУРА/semestr3/АМО/lab4/venv/lib/python3.10/site-packages/airflow/example_dags/example_branch_datetime_operator.py
[2024-10-29T21:56:14.155+0500] {logging_mixin.py:190} INFO - [2024-10-29T21:56:14.154+0500] {override.py:1907} INFO - Created Permission View: can delete on DAG:example_branch_datetime_operator_3
[2024-10-29T21:56:14.176+0500] {logging_mixin.py:190} INFO - [2024-10-29T21:56:14.175+0500] {override.py:1907} INFO - Created Permission View: can edit on DAG:example_branch_datetime_operator_3
[2024-10-29T21:56:14.190+0500] {logging_mixin.py:190} INFO - [2024-10-29T21:56:14.189+0500] {override.py:1907} INFO - Created Permission View: can read on DAG:example_branch_datetime_operator_3
[2024-10-29T21:56:14.210+0500] {logging_mixin.py:190} INFO - [2024-10-29T21:56:14.209+0500] {override.py:1907} INFO - Created Permission View: can delete on DAG Run:example_branch_datetime_operator_3
[2024-10-29T21:56:14.223+0500] {logging_mixin.py:190} INFO - [2024-10-29T21:56:14.223+0500] {override.py:1907} INFO - Created Permission View: can create on DAG Run:example_branch_datetime_operator_3
[2024-10-29T21:56:14.236+0500] {logging_mixin.py:190} INFO - [2024-10-29T21:56:14.235+0500] {override.py:1907} INFO - Created Permission View: menu access on DAG Run:example_branch_datetime_operator_3
[2024-10-29T21:56:14.248+0500] {logging_mixin.py:190} INFO - [2024-10-29T21:56:14.247+0500] {override.py:1907} INFO - Created Permission View: can read on DAG Run:example_branch_datetime_operator_3
[2024-10-29T21:56:14.275+0500] {logging_mixin.py:190} INFO - [2024-10-29T21:56:14.274+0500] {override.py:1907} INFO - Created Permission View: can delete on DAG:example_branch_datetime_operator
[2024-10-29T21:56:14.289+0500] {logging_mixin.py:190} INFO - [2024-10-29T21:56:14.288+0500] {override.py:1907} INFO - Created Permission View: can edit on DAG:example_branch_datetime_operator
[2024-10-29T21:56:14.304+0500] {logging_mixin.py:190} INFO - [2024-10-29T21:56:14.303+0500] {override.py:1907} INFO - Created Permission View: can read on DAG:example_branch_datetime_operator
[2024-10-29T21:56:14.321+0500] {logging_mixin.py:190} INFO - [2024-10-29T21:56:14.320+0500] {override.py:1907} INFO - Created Permission View: can delete on DAG Run:example_branch_datetime_operator
[2024-10-29T21:56:14.336+0500] {logging_mixin.py:190} INFO - [2024-10-29T21:56:14.335+0500] {override.py:1907} INFO - Created Permission View: can create on DAG Run:example_branch_datetime_operator
[2024-10-29T21:56:14.353+0500] {logging_mixin.py:190} INFO - [2024-10-29T21:56:14.352+0500] {override.py:1907} INFO - Created Permission View: menu access on DAG Run:example_branch_datetime_operator
[2024-10-29T21:56:14.367+0500] {logging_mixin.py:190} INFO - [2024-10-29T21:56:14.366+0500] {override.py:1907} INFO - Created Permission View: can read on DAG Run:example_branch_datetime_operator
[2024-10-29T21:56:14.393+0500] {logging_mixin.py:190} INFO - [2024-10-29T21:56:14.392+0500] {override.py:1907} INFO - Created Permission View: can delete on DAG:example_branch_datetime_operator_2
[2024-10-29T21:56:14.408+0500] {logging_mixin.py:190} INFO - [2024-10-29T21:56:14.407+0500] {override.py:1907} INFO - Created Permission View: can edit on DAG:example_branch_datetime_operator_2
[2024-10-29T21:56:14.422+0500] {logging_mixin.py:190} INFO - [2024-10-29T21:56:14.421+0500] {override.py:1907} INFO - Created Permission View: can read on DAG:example_branch_datetime_operator_2
[2024-10-29T21:56:14.441+0500] {logging_mixin.py:190} INFO - [2024-10-29T21:56:14.440+0500] {override.py:1907} INFO - Created Permission View: can delete on DAG Run:example_branch_datetime_operator_2
[2024-10-29T21:56:14.455+0500] {logging_mixin.py:190} INFO - [2024-10-29T21:56:14.454+0500] {override.py:1907} INFO - Created Permission View: can create on DAG Run:example_branch_datetime_operator_2
[2024-10-29T21:56:14.469+0500] {logging_mixin.py:190} INFO - [2024-10-29T21:56:14.468+0500] {override.py:1907} INFO - Created Permission View: menu access on DAG Run:example_branch_datetime_operator_2
[2024-10-29T21:56:14.482+0500] {logging_mixin.py:190} INFO - [2024-10-29T21:56:14.481+0500] {override.py:1907} INFO - Created Permission View: can read on DAG Run:example_branch_datetime_operator_2
[2024-10-29T21:56:14.483+0500] {logging_mixin.py:190} INFO - [2024-10-29T21:56:14.483+0500] {dag.py:3239} INFO - Sync 3 DAGs
[2024-10-29T21:56:14.506+0500] {logging_mixin.py:190} INFO - [2024-10-29T21:56:14.506+0500] {dag.py:3262} INFO - Creating ORM DAG for example_branch_datetime_operator
[2024-10-29T21:56:14.507+0500] {logging_mixin.py:190} INFO - [2024-10-29T21:56:14.507+0500] {dag.py:3262} INFO - Creating ORM DAG for example_branch_datetime_operator_2
[2024-10-29T21:56:14.509+0500] {logging_mixin.py:190} INFO - [2024-10-29T21:56:14.508+0500] {dag.py:3262} INFO - Creating ORM DAG for example_branch_datetime_operator_3
[2024-10-29T21:56:14.525+0500] {logging_mixin.py:190} INFO - [2024-10-29T21:56:14.524+0500] {dag.py:4180} INFO - Setting next_dagrun for example_branch_datetime_operator to 2024-10-28 00:00:00+00:00, run_after=2024-10-29 00:00:00+00:00
[2024-10-29T21:56:14.528+0500] {logging_mixin.py:190} INFO - [2024-10-29T21:56:14.528+0500] {dag.py:4180} INFO - Setting next_dagrun for example_branch_datetime_operator_2 to 2024-10-28 00:00:00+00:00, run_after=2024-10-29 00:00:00+00:00
[2024-10-29T21:56:14.531+0500] {logging_mixin.py:190} INFO - [2024-10-29T21:56:14.531+0500] {dag.py:4180} INFO - Setting next_dagrun for example_branch_datetime_operator_3 to 2024-10-28 00:00:00+00:00, run_after=2024-10-29 00:00:00+00:00
[2024-10-29T21:56:14.559+0500] {processor.py:208} INFO - Processing /mnt/d/МАГИСТРАТУРА/semestr3/АМО/lab4/venv/lib/python3.10/site-packages/airflow/example_dags/example_branch_datetime_operator.py took 0.756 seconds
[2024-10-29T21:57:30.392+0500] {processor.py:186} INFO - Started process (PID=1133) to work on /mnt/d/МАГИСТРАТУРА/semestr3/АМО/lab4/venv/lib/python3.10/site-packages/airflow/example_dags/example_branch_datetime_operator.py
[2024-10-29T21:57:30.395+0500] {processor.py:914} INFO - Processing file /mnt/d/МАГИСТРАТУРА/semestr3/АМО/lab4/venv/lib/python3.10/site-packages/airflow/example_dags/example_branch_datetime_operator.py for tasks to queue
[2024-10-29T21:57:30.403+0500] {logging_mixin.py:190} INFO - [2024-10-29T21:57:30.402+0500] {dagbag.py:588} INFO - Filling up the DagBag from /mnt/d/МАГИСТРАТУРА/semestr3/АМО/lab4/venv/lib/python3.10/site-packages/airflow/example_dags/example_branch_datetime_operator.py
[2024-10-29T21:57:30.437+0500] {processor.py:925} INFO - DAG(s) 'example_branch_datetime_operator_3', 'example_branch_datetime_operator_2', 'example_branch_datetime_operator' retrieved from /mnt/d/МАГИСТРАТУРА/semestr3/АМО/lab4/venv/lib/python3.10/site-packages/airflow/example_dags/example_branch_datetime_operator.py
[2024-10-29T21:57:30.505+0500] {logging_mixin.py:190} INFO - [2024-10-29T21:57:30.504+0500] {dag.py:3239} INFO - Sync 3 DAGs
[2024-10-29T21:57:30.555+0500] {logging_mixin.py:190} INFO - [2024-10-29T21:57:30.554+0500] {dag.py:4180} INFO - Setting next_dagrun for example_branch_datetime_operator to 2024-10-28 00:00:00+00:00, run_after=2024-10-29 00:00:00+00:00
[2024-10-29T21:57:30.562+0500] {logging_mixin.py:190} INFO - [2024-10-29T21:57:30.562+0500] {dag.py:4180} INFO - Setting next_dagrun for example_branch_datetime_operator_2 to 2024-10-28 00:00:00+00:00, run_after=2024-10-29 00:00:00+00:00
[2024-10-29T21:57:30.567+0500] {logging_mixin.py:190} INFO - [2024-10-29T21:57:30.566+0500] {dag.py:4180} INFO - Setting next_dagrun for example_branch_datetime_operator_3 to 2024-10-28 00:00:00+00:00, run_after=2024-10-29 00:00:00+00:00
[2024-10-29T21:57:30.605+0500] {processor.py:208} INFO - Processing /mnt/d/МАГИСТРАТУРА/semestr3/АМО/lab4/venv/lib/python3.10/site-packages/airflow/example_dags/example_branch_datetime_operator.py took 0.240 seconds
