[2024-10-29T21:56:05.232+0500] {processor.py:186} INFO - Started process (PID=1037) to work on /mnt/d/МАГИСТРАТУРА/semestr3/АМО/lab4/venv/lib/python3.10/site-packages/airflow/example_dags/example_complex.py
[2024-10-29T21:56:05.235+0500] {processor.py:914} INFO - Processing file /mnt/d/МАГИСТРАТУРА/semestr3/АМО/lab4/venv/lib/python3.10/site-packages/airflow/example_dags/example_complex.py for tasks to queue
[2024-10-29T21:56:05.241+0500] {logging_mixin.py:190} INFO - [2024-10-29T21:56:05.240+0500] {dagbag.py:588} INFO - Filling up the DagBag from /mnt/d/МАГИСТРАТУРА/semestr3/АМО/lab4/venv/lib/python3.10/site-packages/airflow/example_dags/example_complex.py
[2024-10-29T21:56:05.279+0500] {processor.py:925} INFO - DAG(s) 'example_complex' retrieved from /mnt/d/МАГИСТРАТУРА/semestr3/АМО/lab4/venv/lib/python3.10/site-packages/airflow/example_dags/example_complex.py
[2024-10-29T21:56:05.549+0500] {logging_mixin.py:190} INFO - [2024-10-29T21:56:05.547+0500] {override.py:1907} INFO - Created Permission View: can delete on DAG:example_complex
[2024-10-29T21:56:05.566+0500] {logging_mixin.py:190} INFO - [2024-10-29T21:56:05.565+0500] {override.py:1907} INFO - Created Permission View: can edit on DAG:example_complex
[2024-10-29T21:56:05.577+0500] {logging_mixin.py:190} INFO - [2024-10-29T21:56:05.577+0500] {override.py:1907} INFO - Created Permission View: can read on DAG:example_complex
[2024-10-29T21:56:05.594+0500] {logging_mixin.py:190} INFO - [2024-10-29T21:56:05.594+0500] {override.py:1907} INFO - Created Permission View: can delete on DAG Run:example_complex
[2024-10-29T21:56:05.606+0500] {logging_mixin.py:190} INFO - [2024-10-29T21:56:05.605+0500] {override.py:1907} INFO - Created Permission View: can create on DAG Run:example_complex
[2024-10-29T21:56:05.617+0500] {logging_mixin.py:190} INFO - [2024-10-29T21:56:05.616+0500] {override.py:1907} INFO - Created Permission View: menu access on DAG Run:example_complex
[2024-10-29T21:56:05.628+0500] {logging_mixin.py:190} INFO - [2024-10-29T21:56:05.627+0500] {override.py:1907} INFO - Created Permission View: can read on DAG Run:example_complex
[2024-10-29T21:56:05.629+0500] {logging_mixin.py:190} INFO - [2024-10-29T21:56:05.629+0500] {dag.py:3239} INFO - Sync 1 DAGs
[2024-10-29T21:56:05.650+0500] {logging_mixin.py:190} INFO - [2024-10-29T21:56:05.650+0500] {dag.py:3262} INFO - Creating ORM DAG for example_complex
[2024-10-29T21:56:05.651+0500] {logging_mixin.py:190} INFO - [2024-10-29T21:56:05.651+0500] {dag.py:4180} INFO - Setting next_dagrun for example_complex to None, run_after=None
[2024-10-29T21:56:05.681+0500] {processor.py:208} INFO - Processing /mnt/d/МАГИСТРАТУРА/semestr3/АМО/lab4/venv/lib/python3.10/site-packages/airflow/example_dags/example_complex.py took 0.467 seconds
[2024-10-29T21:57:24.193+0500] {processor.py:186} INFO - Started process (PID=1127) to work on /mnt/d/МАГИСТРАТУРА/semestr3/АМО/lab4/venv/lib/python3.10/site-packages/airflow/example_dags/example_complex.py
[2024-10-29T21:57:24.196+0500] {processor.py:914} INFO - Processing file /mnt/d/МАГИСТРАТУРА/semestr3/АМО/lab4/venv/lib/python3.10/site-packages/airflow/example_dags/example_complex.py for tasks to queue
[2024-10-29T21:57:24.201+0500] {logging_mixin.py:190} INFO - [2024-10-29T21:57:24.200+0500] {dagbag.py:588} INFO - Filling up the DagBag from /mnt/d/МАГИСТРАТУРА/semestr3/АМО/lab4/venv/lib/python3.10/site-packages/airflow/example_dags/example_complex.py
[2024-10-29T21:57:24.232+0500] {processor.py:925} INFO - DAG(s) 'example_complex' retrieved from /mnt/d/МАГИСТРАТУРА/semestr3/АМО/lab4/venv/lib/python3.10/site-packages/airflow/example_dags/example_complex.py
[2024-10-29T21:57:24.289+0500] {logging_mixin.py:190} INFO - [2024-10-29T21:57:24.289+0500] {dag.py:3239} INFO - Sync 1 DAGs
[2024-10-29T21:57:24.313+0500] {logging_mixin.py:190} INFO - [2024-10-29T21:57:24.312+0500] {dag.py:4180} INFO - Setting next_dagrun for example_complex to None, run_after=None
[2024-10-29T21:57:24.347+0500] {processor.py:208} INFO - Processing /mnt/d/МАГИСТРАТУРА/semestr3/АМО/lab4/venv/lib/python3.10/site-packages/airflow/example_dags/example_complex.py took 0.170 seconds
