[2024-10-29T21:55:59.643+0500] {processor.py:186} INFO - Started process (PID=1034) to work on /mnt/d/МАГИСТРАТУРА/semestr3/АМО/lab4/venv/lib/python3.10/site-packages/airflow/example_dags/example_dataset_alias_with_no_taskflow.py
[2024-10-29T21:55:59.647+0500] {processor.py:914} INFO - Processing file /mnt/d/МАГИСТРАТУРА/semestr3/АМО/lab4/venv/lib/python3.10/site-packages/airflow/example_dags/example_dataset_alias_with_no_taskflow.py for tasks to queue
[2024-10-29T21:55:59.655+0500] {logging_mixin.py:190} INFO - [2024-10-29T21:55:59.653+0500] {dagbag.py:588} INFO - Filling up the DagBag from /mnt/d/МАГИСТРАТУРА/semestr3/АМО/lab4/venv/lib/python3.10/site-packages/airflow/example_dags/example_dataset_alias_with_no_taskflow.py
[2024-10-29T21:55:59.729+0500] {processor.py:925} INFO - DAG(s) 'dataset_alias_example_alias_producer_with_no_taskflow', 'dataset_s3_bucket_producer_with_no_taskflow', 'dataset_s3_bucket_consumer_with_no_taskflow', 'dataset_alias_example_alias_consumer_with_no_taskflow' retrieved from /mnt/d/МАГИСТРАТУРА/semestr3/АМО/lab4/venv/lib/python3.10/site-packages/airflow/example_dags/example_dataset_alias_with_no_taskflow.py
[2024-10-29T21:56:00.025+0500] {logging_mixin.py:190} INFO - [2024-10-29T21:56:00.024+0500] {override.py:1907} INFO - Created Permission View: can delete on DAG:dataset_alias_example_alias_producer_with_no_taskflow
[2024-10-29T21:56:00.042+0500] {logging_mixin.py:190} INFO - [2024-10-29T21:56:00.042+0500] {override.py:1907} INFO - Created Permission View: can edit on DAG:dataset_alias_example_alias_producer_with_no_taskflow
[2024-10-29T21:56:00.056+0500] {logging_mixin.py:190} INFO - [2024-10-29T21:56:00.055+0500] {override.py:1907} INFO - Created Permission View: can read on DAG:dataset_alias_example_alias_producer_with_no_taskflow
[2024-10-29T21:56:00.076+0500] {logging_mixin.py:190} INFO - [2024-10-29T21:56:00.075+0500] {override.py:1907} INFO - Created Permission View: can delete on DAG Run:dataset_alias_example_alias_producer_with_no_taskflow
[2024-10-29T21:56:00.088+0500] {logging_mixin.py:190} INFO - [2024-10-29T21:56:00.088+0500] {override.py:1907} INFO - Created Permission View: can create on DAG Run:dataset_alias_example_alias_producer_with_no_taskflow
[2024-10-29T21:56:00.101+0500] {logging_mixin.py:190} INFO - [2024-10-29T21:56:00.100+0500] {override.py:1907} INFO - Created Permission View: menu access on DAG Run:dataset_alias_example_alias_producer_with_no_taskflow
[2024-10-29T21:56:00.112+0500] {logging_mixin.py:190} INFO - [2024-10-29T21:56:00.111+0500] {override.py:1907} INFO - Created Permission View: can read on DAG Run:dataset_alias_example_alias_producer_with_no_taskflow
[2024-10-29T21:56:00.135+0500] {logging_mixin.py:190} INFO - [2024-10-29T21:56:00.135+0500] {override.py:1907} INFO - Created Permission View: can delete on DAG:dataset_s3_bucket_producer_with_no_taskflow
[2024-10-29T21:56:00.147+0500] {logging_mixin.py:190} INFO - [2024-10-29T21:56:00.146+0500] {override.py:1907} INFO - Created Permission View: can edit on DAG:dataset_s3_bucket_producer_with_no_taskflow
[2024-10-29T21:56:00.161+0500] {logging_mixin.py:190} INFO - [2024-10-29T21:56:00.160+0500] {override.py:1907} INFO - Created Permission View: can read on DAG:dataset_s3_bucket_producer_with_no_taskflow
[2024-10-29T21:56:00.180+0500] {logging_mixin.py:190} INFO - [2024-10-29T21:56:00.180+0500] {override.py:1907} INFO - Created Permission View: can delete on DAG Run:dataset_s3_bucket_producer_with_no_taskflow
[2024-10-29T21:56:00.194+0500] {logging_mixin.py:190} INFO - [2024-10-29T21:56:00.193+0500] {override.py:1907} INFO - Created Permission View: can create on DAG Run:dataset_s3_bucket_producer_with_no_taskflow
[2024-10-29T21:56:00.208+0500] {logging_mixin.py:190} INFO - [2024-10-29T21:56:00.207+0500] {override.py:1907} INFO - Created Permission View: menu access on DAG Run:dataset_s3_bucket_producer_with_no_taskflow
[2024-10-29T21:56:00.226+0500] {logging_mixin.py:190} INFO - [2024-10-29T21:56:00.225+0500] {override.py:1907} INFO - Created Permission View: can read on DAG Run:dataset_s3_bucket_producer_with_no_taskflow
[2024-10-29T21:56:00.259+0500] {logging_mixin.py:190} INFO - [2024-10-29T21:56:00.258+0500] {override.py:1907} INFO - Created Permission View: can delete on DAG:dataset_s3_bucket_consumer_with_no_taskflow
[2024-10-29T21:56:00.272+0500] {logging_mixin.py:190} INFO - [2024-10-29T21:56:00.271+0500] {override.py:1907} INFO - Created Permission View: can edit on DAG:dataset_s3_bucket_consumer_with_no_taskflow
[2024-10-29T21:56:00.285+0500] {logging_mixin.py:190} INFO - [2024-10-29T21:56:00.284+0500] {override.py:1907} INFO - Created Permission View: can read on DAG:dataset_s3_bucket_consumer_with_no_taskflow
[2024-10-29T21:56:00.301+0500] {logging_mixin.py:190} INFO - [2024-10-29T21:56:00.300+0500] {override.py:1907} INFO - Created Permission View: can delete on DAG Run:dataset_s3_bucket_consumer_with_no_taskflow
[2024-10-29T21:56:00.312+0500] {logging_mixin.py:190} INFO - [2024-10-29T21:56:00.312+0500] {override.py:1907} INFO - Created Permission View: can create on DAG Run:dataset_s3_bucket_consumer_with_no_taskflow
[2024-10-29T21:56:00.323+0500] {logging_mixin.py:190} INFO - [2024-10-29T21:56:00.322+0500] {override.py:1907} INFO - Created Permission View: menu access on DAG Run:dataset_s3_bucket_consumer_with_no_taskflow
[2024-10-29T21:56:00.335+0500] {logging_mixin.py:190} INFO - [2024-10-29T21:56:00.334+0500] {override.py:1907} INFO - Created Permission View: can read on DAG Run:dataset_s3_bucket_consumer_with_no_taskflow
[2024-10-29T21:56:00.358+0500] {logging_mixin.py:190} INFO - [2024-10-29T21:56:00.357+0500] {override.py:1907} INFO - Created Permission View: can delete on DAG:dataset_alias_example_alias_consumer_with_no_taskflow
[2024-10-29T21:56:00.369+0500] {logging_mixin.py:190} INFO - [2024-10-29T21:56:00.368+0500] {override.py:1907} INFO - Created Permission View: can edit on DAG:dataset_alias_example_alias_consumer_with_no_taskflow
[2024-10-29T21:56:00.380+0500] {logging_mixin.py:190} INFO - [2024-10-29T21:56:00.379+0500] {override.py:1907} INFO - Created Permission View: can read on DAG:dataset_alias_example_alias_consumer_with_no_taskflow
[2024-10-29T21:56:00.395+0500] {logging_mixin.py:190} INFO - [2024-10-29T21:56:00.395+0500] {override.py:1907} INFO - Created Permission View: can delete on DAG Run:dataset_alias_example_alias_consumer_with_no_taskflow
[2024-10-29T21:56:00.408+0500] {logging_mixin.py:190} INFO - [2024-10-29T21:56:00.407+0500] {override.py:1907} INFO - Created Permission View: can create on DAG Run:dataset_alias_example_alias_consumer_with_no_taskflow
[2024-10-29T21:56:00.420+0500] {logging_mixin.py:190} INFO - [2024-10-29T21:56:00.419+0500] {override.py:1907} INFO - Created Permission View: menu access on DAG Run:dataset_alias_example_alias_consumer_with_no_taskflow
[2024-10-29T21:56:00.432+0500] {logging_mixin.py:190} INFO - [2024-10-29T21:56:00.431+0500] {override.py:1907} INFO - Created Permission View: can read on DAG Run:dataset_alias_example_alias_consumer_with_no_taskflow
[2024-10-29T21:56:00.433+0500] {logging_mixin.py:190} INFO - [2024-10-29T21:56:00.433+0500] {dag.py:3239} INFO - Sync 4 DAGs
[2024-10-29T21:56:00.462+0500] {logging_mixin.py:190} INFO - [2024-10-29T21:56:00.461+0500] {dag.py:3262} INFO - Creating ORM DAG for dataset_s3_bucket_producer_with_no_taskflow
[2024-10-29T21:56:00.463+0500] {logging_mixin.py:190} INFO - [2024-10-29T21:56:00.463+0500] {dag.py:3262} INFO - Creating ORM DAG for dataset_alias_example_alias_producer_with_no_taskflow
[2024-10-29T21:56:00.464+0500] {logging_mixin.py:190} INFO - [2024-10-29T21:56:00.464+0500] {dag.py:3262} INFO - Creating ORM DAG for dataset_s3_bucket_consumer_with_no_taskflow
[2024-10-29T21:56:00.465+0500] {logging_mixin.py:190} INFO - [2024-10-29T21:56:00.465+0500] {dag.py:3262} INFO - Creating ORM DAG for dataset_alias_example_alias_consumer_with_no_taskflow
[2024-10-29T21:56:00.480+0500] {logging_mixin.py:190} INFO - [2024-10-29T21:56:00.480+0500] {dag.py:4180} INFO - Setting next_dagrun for dataset_alias_example_alias_consumer_with_no_taskflow to None, run_after=None
[2024-10-29T21:56:00.481+0500] {logging_mixin.py:190} INFO - [2024-10-29T21:56:00.481+0500] {dag.py:4180} INFO - Setting next_dagrun for dataset_alias_example_alias_producer_with_no_taskflow to None, run_after=None
[2024-10-29T21:56:00.483+0500] {logging_mixin.py:190} INFO - [2024-10-29T21:56:00.482+0500] {dag.py:4180} INFO - Setting next_dagrun for dataset_s3_bucket_consumer_with_no_taskflow to None, run_after=None
[2024-10-29T21:56:00.483+0500] {logging_mixin.py:190} INFO - [2024-10-29T21:56:00.483+0500] {dag.py:4180} INFO - Setting next_dagrun for dataset_s3_bucket_producer_with_no_taskflow to None, run_after=None
[2024-10-29T21:56:00.526+0500] {processor.py:208} INFO - Processing /mnt/d/МАГИСТРАТУРА/semestr3/АМО/lab4/venv/lib/python3.10/site-packages/airflow/example_dags/example_dataset_alias_with_no_taskflow.py took 0.902 seconds
[2024-10-29T21:57:19.979+0500] {processor.py:186} INFO - Started process (PID=1124) to work on /mnt/d/МАГИСТРАТУРА/semestr3/АМО/lab4/venv/lib/python3.10/site-packages/airflow/example_dags/example_dataset_alias_with_no_taskflow.py
[2024-10-29T21:57:19.983+0500] {processor.py:914} INFO - Processing file /mnt/d/МАГИСТРАТУРА/semestr3/АМО/lab4/venv/lib/python3.10/site-packages/airflow/example_dags/example_dataset_alias_with_no_taskflow.py for tasks to queue
[2024-10-29T21:57:19.989+0500] {logging_mixin.py:190} INFO - [2024-10-29T21:57:19.988+0500] {dagbag.py:588} INFO - Filling up the DagBag from /mnt/d/МАГИСТРАТУРА/semestr3/АМО/lab4/venv/lib/python3.10/site-packages/airflow/example_dags/example_dataset_alias_with_no_taskflow.py
[2024-10-29T21:57:20.057+0500] {processor.py:925} INFO - DAG(s) 'dataset_alias_example_alias_producer_with_no_taskflow', 'dataset_s3_bucket_consumer_with_no_taskflow', 'dataset_alias_example_alias_consumer_with_no_taskflow', 'dataset_s3_bucket_producer_with_no_taskflow' retrieved from /mnt/d/МАГИСТРАТУРА/semestr3/АМО/lab4/venv/lib/python3.10/site-packages/airflow/example_dags/example_dataset_alias_with_no_taskflow.py
[2024-10-29T21:57:20.092+0500] {logging_mixin.py:190} INFO - [2024-10-29T21:57:20.092+0500] {dag.py:3239} INFO - Sync 4 DAGs
[2024-10-29T21:57:20.123+0500] {logging_mixin.py:190} INFO - [2024-10-29T21:57:20.123+0500] {dag.py:4180} INFO - Setting next_dagrun for dataset_alias_example_alias_consumer_with_no_taskflow to None, run_after=None
[2024-10-29T21:57:20.127+0500] {logging_mixin.py:190} INFO - [2024-10-29T21:57:20.126+0500] {dag.py:4180} INFO - Setting next_dagrun for dataset_alias_example_alias_producer_with_no_taskflow to None, run_after=None
[2024-10-29T21:57:20.128+0500] {logging_mixin.py:190} INFO - [2024-10-29T21:57:20.128+0500] {dag.py:4180} INFO - Setting next_dagrun for dataset_s3_bucket_consumer_with_no_taskflow to None, run_after=None
[2024-10-29T21:57:20.130+0500] {logging_mixin.py:190} INFO - [2024-10-29T21:57:20.130+0500] {dag.py:4180} INFO - Setting next_dagrun for dataset_s3_bucket_producer_with_no_taskflow to None, run_after=None
[2024-10-29T21:57:20.167+0500] {processor.py:208} INFO - Processing /mnt/d/МАГИСТРАТУРА/semestr3/АМО/lab4/venv/lib/python3.10/site-packages/airflow/example_dags/example_dataset_alias_with_no_taskflow.py took 0.208 seconds
