[2024-10-29T21:56:17.400+0500] {processor.py:186} INFO - Started process (PID=1054) to work on /mnt/d/МАГИСТРАТУРА/semestr3/АМО/lab4/venv/lib/python3.10/site-packages/airflow/example_dags/example_bash_decorator.py
[2024-10-29T21:56:17.402+0500] {processor.py:914} INFO - Processing file /mnt/d/МАГИСТРАТУРА/semestr3/АМО/lab4/venv/lib/python3.10/site-packages/airflow/example_dags/example_bash_decorator.py for tasks to queue
[2024-10-29T21:56:17.408+0500] {logging_mixin.py:190} INFO - [2024-10-29T21:56:17.406+0500] {dagbag.py:588} INFO - Filling up the DagBag from /mnt/d/МАГИСТРАТУРА/semestr3/АМО/lab4/venv/lib/python3.10/site-packages/airflow/example_dags/example_bash_decorator.py
[2024-10-29T21:56:17.449+0500] {processor.py:925} INFO - DAG(s) 'example_bash_decorator' retrieved from /mnt/d/МАГИСТРАТУРА/semestr3/АМО/lab4/venv/lib/python3.10/site-packages/airflow/example_dags/example_bash_decorator.py
[2024-10-29T21:56:17.702+0500] {logging_mixin.py:190} INFO - [2024-10-29T21:56:17.701+0500] {override.py:1907} INFO - Created Permission View: can delete on DAG:example_bash_decorator
[2024-10-29T21:56:17.717+0500] {logging_mixin.py:190} INFO - [2024-10-29T21:56:17.717+0500] {override.py:1907} INFO - Created Permission View: can edit on DAG:example_bash_decorator
[2024-10-29T21:56:17.729+0500] {logging_mixin.py:190} INFO - [2024-10-29T21:56:17.728+0500] {override.py:1907} INFO - Created Permission View: can read on DAG:example_bash_decorator
[2024-10-29T21:56:17.745+0500] {logging_mixin.py:190} INFO - [2024-10-29T21:56:17.745+0500] {override.py:1907} INFO - Created Permission View: can delete on DAG Run:example_bash_decorator
[2024-10-29T21:56:17.757+0500] {logging_mixin.py:190} INFO - [2024-10-29T21:56:17.756+0500] {override.py:1907} INFO - Created Permission View: can create on DAG Run:example_bash_decorator
[2024-10-29T21:56:17.768+0500] {logging_mixin.py:190} INFO - [2024-10-29T21:56:17.767+0500] {override.py:1907} INFO - Created Permission View: menu access on DAG Run:example_bash_decorator
[2024-10-29T21:56:17.785+0500] {logging_mixin.py:190} INFO - [2024-10-29T21:56:17.784+0500] {override.py:1907} INFO - Created Permission View: can read on DAG Run:example_bash_decorator
[2024-10-29T21:56:17.786+0500] {logging_mixin.py:190} INFO - [2024-10-29T21:56:17.785+0500] {dag.py:3239} INFO - Sync 1 DAGs
[2024-10-29T21:56:17.810+0500] {logging_mixin.py:190} INFO - [2024-10-29T21:56:17.810+0500] {dag.py:3262} INFO - Creating ORM DAG for example_bash_decorator
[2024-10-29T21:56:17.811+0500] {logging_mixin.py:190} INFO - [2024-10-29T21:56:17.811+0500] {dag.py:4180} INFO - Setting next_dagrun for example_bash_decorator to None, run_after=None
[2024-10-29T21:56:17.838+0500] {processor.py:208} INFO - Processing /mnt/d/МАГИСТРАТУРА/semestr3/АМО/lab4/venv/lib/python3.10/site-packages/airflow/example_dags/example_bash_decorator.py took 0.453 seconds
[2024-10-29T21:57:33.171+0500] {processor.py:186} INFO - Started process (PID=1135) to work on /mnt/d/МАГИСТРАТУРА/semestr3/АМО/lab4/venv/lib/python3.10/site-packages/airflow/example_dags/example_bash_decorator.py
[2024-10-29T21:57:33.173+0500] {processor.py:914} INFO - Processing file /mnt/d/МАГИСТРАТУРА/semestr3/АМО/lab4/venv/lib/python3.10/site-packages/airflow/example_dags/example_bash_decorator.py for tasks to queue
[2024-10-29T21:57:33.179+0500] {logging_mixin.py:190} INFO - [2024-10-29T21:57:33.178+0500] {dagbag.py:588} INFO - Filling up the DagBag from /mnt/d/МАГИСТРАТУРА/semestr3/АМО/lab4/venv/lib/python3.10/site-packages/airflow/example_dags/example_bash_decorator.py
[2024-10-29T21:57:33.220+0500] {processor.py:925} INFO - DAG(s) 'example_bash_decorator' retrieved from /mnt/d/МАГИСТРАТУРА/semestr3/АМО/lab4/venv/lib/python3.10/site-packages/airflow/example_dags/example_bash_decorator.py
[2024-10-29T21:57:33.260+0500] {logging_mixin.py:190} INFO - [2024-10-29T21:57:33.259+0500] {dag.py:3239} INFO - Sync 1 DAGs
[2024-10-29T21:57:33.282+0500] {logging_mixin.py:190} INFO - [2024-10-29T21:57:33.282+0500] {dag.py:4180} INFO - Setting next_dagrun for example_bash_decorator to None, run_after=None
[2024-10-29T21:57:33.313+0500] {processor.py:208} INFO - Processing /mnt/d/МАГИСТРАТУРА/semestr3/АМО/lab4/venv/lib/python3.10/site-packages/airflow/example_dags/example_bash_decorator.py took 0.160 seconds
