[2024-10-29T21:55:21.458+0500] {processor.py:186} INFO - Started process (PID=1003) to work on /mnt/d/МАГИСТРАТУРА/semestr3/АМО/lab4/venv/lib/python3.10/site-packages/airflow/example_dags/example_sla_dag.py
[2024-10-29T21:55:21.461+0500] {processor.py:914} INFO - Processing file /mnt/d/МАГИСТРАТУРА/semestr3/АМО/lab4/venv/lib/python3.10/site-packages/airflow/example_dags/example_sla_dag.py for tasks to queue
[2024-10-29T21:55:21.467+0500] {logging_mixin.py:190} INFO - [2024-10-29T21:55:21.466+0500] {dagbag.py:588} INFO - Filling up the DagBag from /mnt/d/МАГИСТРАТУРА/semestr3/АМО/lab4/venv/lib/python3.10/site-packages/airflow/example_dags/example_sla_dag.py
[2024-10-29T21:55:21.505+0500] {processor.py:925} INFO - DAG(s) 'example_sla_dag' retrieved from /mnt/d/МАГИСТРАТУРА/semestr3/АМО/lab4/venv/lib/python3.10/site-packages/airflow/example_dags/example_sla_dag.py
[2024-10-29T21:55:21.786+0500] {logging_mixin.py:190} INFO - [2024-10-29T21:55:21.785+0500] {override.py:1907} INFO - Created Permission View: can delete on DAG:example_sla_dag
[2024-10-29T21:55:21.803+0500] {logging_mixin.py:190} INFO - [2024-10-29T21:55:21.802+0500] {override.py:1907} INFO - Created Permission View: can edit on DAG:example_sla_dag
[2024-10-29T21:55:21.815+0500] {logging_mixin.py:190} INFO - [2024-10-29T21:55:21.814+0500] {override.py:1907} INFO - Created Permission View: can read on DAG:example_sla_dag
[2024-10-29T21:55:21.834+0500] {logging_mixin.py:190} INFO - [2024-10-29T21:55:21.833+0500] {override.py:1907} INFO - Created Permission View: can delete on DAG Run:example_sla_dag
[2024-10-29T21:55:21.847+0500] {logging_mixin.py:190} INFO - [2024-10-29T21:55:21.846+0500] {override.py:1907} INFO - Created Permission View: can create on DAG Run:example_sla_dag
[2024-10-29T21:55:21.860+0500] {logging_mixin.py:190} INFO - [2024-10-29T21:55:21.859+0500] {override.py:1907} INFO - Created Permission View: menu access on DAG Run:example_sla_dag
[2024-10-29T21:55:21.872+0500] {logging_mixin.py:190} INFO - [2024-10-29T21:55:21.871+0500] {override.py:1907} INFO - Created Permission View: can read on DAG Run:example_sla_dag
[2024-10-29T21:55:21.873+0500] {logging_mixin.py:190} INFO - [2024-10-29T21:55:21.872+0500] {dag.py:3239} INFO - Sync 1 DAGs
[2024-10-29T21:55:21.897+0500] {logging_mixin.py:190} INFO - [2024-10-29T21:55:21.896+0500] {dag.py:3262} INFO - Creating ORM DAG for example_sla_dag
[2024-10-29T21:55:21.916+0500] {logging_mixin.py:190} INFO - [2024-10-29T21:55:21.916+0500] {dag.py:4180} INFO - Setting next_dagrun for example_sla_dag to 2024-10-29 16:52:00+00:00, run_after=2024-10-29 16:54:00+00:00
[2024-10-29T21:55:21.942+0500] {processor.py:208} INFO - Processing /mnt/d/МАГИСТРАТУРА/semestr3/АМО/lab4/venv/lib/python3.10/site-packages/airflow/example_dags/example_sla_dag.py took 0.509 seconds
[2024-10-29T21:56:41.440+0500] {processor.py:186} INFO - Started process (PID=1088) to work on /mnt/d/МАГИСТРАТУРА/semestr3/АМО/lab4/venv/lib/python3.10/site-packages/airflow/example_dags/example_sla_dag.py
[2024-10-29T21:56:41.444+0500] {processor.py:914} INFO - Processing file /mnt/d/МАГИСТРАТУРА/semestr3/АМО/lab4/venv/lib/python3.10/site-packages/airflow/example_dags/example_sla_dag.py for tasks to queue
[2024-10-29T21:56:41.451+0500] {logging_mixin.py:190} INFO - [2024-10-29T21:56:41.450+0500] {dagbag.py:588} INFO - Filling up the DagBag from /mnt/d/МАГИСТРАТУРА/semestr3/АМО/lab4/venv/lib/python3.10/site-packages/airflow/example_dags/example_sla_dag.py
[2024-10-29T21:56:41.487+0500] {processor.py:925} INFO - DAG(s) 'example_sla_dag' retrieved from /mnt/d/МАГИСТРАТУРА/semestr3/АМО/lab4/venv/lib/python3.10/site-packages/airflow/example_dags/example_sla_dag.py
[2024-10-29T21:56:41.522+0500] {logging_mixin.py:190} INFO - [2024-10-29T21:56:41.522+0500] {dag.py:3239} INFO - Sync 1 DAGs
[2024-10-29T21:56:41.580+0500] {logging_mixin.py:190} INFO - [2024-10-29T21:56:41.579+0500] {dag.py:4180} INFO - Setting next_dagrun for example_sla_dag to 2024-10-29 16:54:00+00:00, run_after=2024-10-29 16:56:00+00:00
[2024-10-29T21:56:41.626+0500] {processor.py:208} INFO - Processing /mnt/d/МАГИСТРАТУРА/semestr3/АМО/lab4/venv/lib/python3.10/site-packages/airflow/example_dags/example_sla_dag.py took 0.208 seconds
