[2024-10-29T21:55:50.710+0500] {processor.py:186} INFO - Started process (PID=1029) to work on /mnt/d/МАГИСТРАТУРА/semestr3/АМО/lab4/venv/lib/python3.10/site-packages/airflow/example_dags/example_external_task_marker_dag.py
[2024-10-29T21:55:50.713+0500] {processor.py:914} INFO - Processing file /mnt/d/МАГИСТРАТУРА/semestr3/АМО/lab4/venv/lib/python3.10/site-packages/airflow/example_dags/example_external_task_marker_dag.py for tasks to queue
[2024-10-29T21:55:50.720+0500] {logging_mixin.py:190} INFO - [2024-10-29T21:55:50.719+0500] {dagbag.py:588} INFO - Filling up the DagBag from /mnt/d/МАГИСТРАТУРА/semestr3/АМО/lab4/venv/lib/python3.10/site-packages/airflow/example_dags/example_external_task_marker_dag.py
[2024-10-29T21:55:50.745+0500] {processor.py:925} INFO - DAG(s) 'example_external_task_marker_parent', 'example_external_task_marker_child' retrieved from /mnt/d/МАГИСТРАТУРА/semestr3/АМО/lab4/venv/lib/python3.10/site-packages/airflow/example_dags/example_external_task_marker_dag.py
[2024-10-29T21:55:51.011+0500] {logging_mixin.py:190} INFO - [2024-10-29T21:55:51.010+0500] {override.py:1907} INFO - Created Permission View: can delete on DAG:example_external_task_marker_parent
[2024-10-29T21:55:51.027+0500] {logging_mixin.py:190} INFO - [2024-10-29T21:55:51.026+0500] {override.py:1907} INFO - Created Permission View: can edit on DAG:example_external_task_marker_parent
[2024-10-29T21:55:51.038+0500] {logging_mixin.py:190} INFO - [2024-10-29T21:55:51.038+0500] {override.py:1907} INFO - Created Permission View: can read on DAG:example_external_task_marker_parent
[2024-10-29T21:55:51.055+0500] {logging_mixin.py:190} INFO - [2024-10-29T21:55:51.054+0500] {override.py:1907} INFO - Created Permission View: can delete on DAG Run:example_external_task_marker_parent
[2024-10-29T21:55:51.066+0500] {logging_mixin.py:190} INFO - [2024-10-29T21:55:51.065+0500] {override.py:1907} INFO - Created Permission View: can create on DAG Run:example_external_task_marker_parent
[2024-10-29T21:55:51.077+0500] {logging_mixin.py:190} INFO - [2024-10-29T21:55:51.076+0500] {override.py:1907} INFO - Created Permission View: menu access on DAG Run:example_external_task_marker_parent
[2024-10-29T21:55:51.087+0500] {logging_mixin.py:190} INFO - [2024-10-29T21:55:51.087+0500] {override.py:1907} INFO - Created Permission View: can read on DAG Run:example_external_task_marker_parent
[2024-10-29T21:55:51.112+0500] {logging_mixin.py:190} INFO - [2024-10-29T21:55:51.111+0500] {override.py:1907} INFO - Created Permission View: can delete on DAG:example_external_task_marker_child
[2024-10-29T21:55:51.123+0500] {logging_mixin.py:190} INFO - [2024-10-29T21:55:51.122+0500] {override.py:1907} INFO - Created Permission View: can edit on DAG:example_external_task_marker_child
[2024-10-29T21:55:51.134+0500] {logging_mixin.py:190} INFO - [2024-10-29T21:55:51.133+0500] {override.py:1907} INFO - Created Permission View: can read on DAG:example_external_task_marker_child
[2024-10-29T21:55:51.150+0500] {logging_mixin.py:190} INFO - [2024-10-29T21:55:51.149+0500] {override.py:1907} INFO - Created Permission View: can delete on DAG Run:example_external_task_marker_child
[2024-10-29T21:55:51.161+0500] {logging_mixin.py:190} INFO - [2024-10-29T21:55:51.160+0500] {override.py:1907} INFO - Created Permission View: can create on DAG Run:example_external_task_marker_child
[2024-10-29T21:55:51.171+0500] {logging_mixin.py:190} INFO - [2024-10-29T21:55:51.170+0500] {override.py:1907} INFO - Created Permission View: menu access on DAG Run:example_external_task_marker_child
[2024-10-29T21:55:51.181+0500] {logging_mixin.py:190} INFO - [2024-10-29T21:55:51.180+0500] {override.py:1907} INFO - Created Permission View: can read on DAG Run:example_external_task_marker_child
[2024-10-29T21:55:51.182+0500] {logging_mixin.py:190} INFO - [2024-10-29T21:55:51.181+0500] {dag.py:3239} INFO - Sync 2 DAGs
[2024-10-29T21:55:51.200+0500] {logging_mixin.py:190} INFO - [2024-10-29T21:55:51.199+0500] {dag.py:3262} INFO - Creating ORM DAG for example_external_task_marker_parent
[2024-10-29T21:55:51.201+0500] {logging_mixin.py:190} INFO - [2024-10-29T21:55:51.200+0500] {dag.py:3262} INFO - Creating ORM DAG for example_external_task_marker_child
[2024-10-29T21:55:51.202+0500] {logging_mixin.py:190} INFO - [2024-10-29T21:55:51.201+0500] {dag.py:4180} INFO - Setting next_dagrun for example_external_task_marker_child to None, run_after=None
[2024-10-29T21:55:51.203+0500] {logging_mixin.py:190} INFO - [2024-10-29T21:55:51.202+0500] {dag.py:4180} INFO - Setting next_dagrun for example_external_task_marker_parent to None, run_after=None
[2024-10-29T21:55:51.230+0500] {processor.py:208} INFO - Processing /mnt/d/МАГИСТРАТУРА/semestr3/АМО/lab4/venv/lib/python3.10/site-packages/airflow/example_dags/example_external_task_marker_dag.py took 0.538 seconds
[2024-10-29T21:57:13.429+0500] {processor.py:186} INFO - Started process (PID=1119) to work on /mnt/d/МАГИСТРАТУРА/semestr3/АМО/lab4/venv/lib/python3.10/site-packages/airflow/example_dags/example_external_task_marker_dag.py
[2024-10-29T21:57:13.432+0500] {processor.py:914} INFO - Processing file /mnt/d/МАГИСТРАТУРА/semestr3/АМО/lab4/venv/lib/python3.10/site-packages/airflow/example_dags/example_external_task_marker_dag.py for tasks to queue
[2024-10-29T21:57:13.439+0500] {logging_mixin.py:190} INFO - [2024-10-29T21:57:13.438+0500] {dagbag.py:588} INFO - Filling up the DagBag from /mnt/d/МАГИСТРАТУРА/semestr3/АМО/lab4/venv/lib/python3.10/site-packages/airflow/example_dags/example_external_task_marker_dag.py
[2024-10-29T21:57:13.465+0500] {processor.py:925} INFO - DAG(s) 'example_external_task_marker_parent', 'example_external_task_marker_child' retrieved from /mnt/d/МАГИСТРАТУРА/semestr3/АМО/lab4/venv/lib/python3.10/site-packages/airflow/example_dags/example_external_task_marker_dag.py
[2024-10-29T21:57:13.509+0500] {logging_mixin.py:190} INFO - [2024-10-29T21:57:13.509+0500] {dag.py:3239} INFO - Sync 2 DAGs
[2024-10-29T21:57:13.534+0500] {logging_mixin.py:190} INFO - [2024-10-29T21:57:13.534+0500] {dag.py:4180} INFO - Setting next_dagrun for example_external_task_marker_child to None, run_after=None
[2024-10-29T21:57:13.539+0500] {logging_mixin.py:190} INFO - [2024-10-29T21:57:13.539+0500] {dag.py:4180} INFO - Setting next_dagrun for example_external_task_marker_parent to None, run_after=None
[2024-10-29T21:57:13.575+0500] {processor.py:208} INFO - Processing /mnt/d/МАГИСТРАТУРА/semestr3/АМО/lab4/venv/lib/python3.10/site-packages/airflow/example_dags/example_external_task_marker_dag.py took 0.163 seconds
