[2024-10-29T21:55:40.062+0500] {processor.py:186} INFO - Started process (PID=1016) to work on /mnt/d/МАГИСТРАТУРА/semestr3/АМО/lab4/venv/lib/python3.10/site-packages/airflow/example_dags/example_outlet_event_extra.py
[2024-10-29T21:55:40.065+0500] {processor.py:914} INFO - Processing file /mnt/d/МАГИСТРАТУРА/semestr3/АМО/lab4/venv/lib/python3.10/site-packages/airflow/example_dags/example_outlet_event_extra.py for tasks to queue
[2024-10-29T21:55:40.070+0500] {logging_mixin.py:190} INFO - [2024-10-29T21:55:40.069+0500] {dagbag.py:588} INFO - Filling up the DagBag from /mnt/d/МАГИСТРАТУРА/semestr3/АМО/lab4/venv/lib/python3.10/site-packages/airflow/example_dags/example_outlet_event_extra.py
[2024-10-29T21:55:40.118+0500] {processor.py:925} INFO - DAG(s) 'dataset_with_extra_by_context', 'dataset_with_extra_from_classic_operator', 'dataset_with_extra_by_yield' retrieved from /mnt/d/МАГИСТРАТУРА/semestr3/АМО/lab4/venv/lib/python3.10/site-packages/airflow/example_dags/example_outlet_event_extra.py
[2024-10-29T21:55:40.367+0500] {logging_mixin.py:190} INFO - [2024-10-29T21:55:40.366+0500] {override.py:1907} INFO - Created Permission View: can delete on DAG:dataset_with_extra_by_context
[2024-10-29T21:55:40.382+0500] {logging_mixin.py:190} INFO - [2024-10-29T21:55:40.382+0500] {override.py:1907} INFO - Created Permission View: can edit on DAG:dataset_with_extra_by_context
[2024-10-29T21:55:40.395+0500] {logging_mixin.py:190} INFO - [2024-10-29T21:55:40.394+0500] {override.py:1907} INFO - Created Permission View: can read on DAG:dataset_with_extra_by_context
[2024-10-29T21:55:40.411+0500] {logging_mixin.py:190} INFO - [2024-10-29T21:55:40.411+0500] {override.py:1907} INFO - Created Permission View: can delete on DAG Run:dataset_with_extra_by_context
[2024-10-29T21:55:40.422+0500] {logging_mixin.py:190} INFO - [2024-10-29T21:55:40.421+0500] {override.py:1907} INFO - Created Permission View: can create on DAG Run:dataset_with_extra_by_context
[2024-10-29T21:55:40.432+0500] {logging_mixin.py:190} INFO - [2024-10-29T21:55:40.431+0500] {override.py:1907} INFO - Created Permission View: menu access on DAG Run:dataset_with_extra_by_context
[2024-10-29T21:55:40.443+0500] {logging_mixin.py:190} INFO - [2024-10-29T21:55:40.443+0500] {override.py:1907} INFO - Created Permission View: can read on DAG Run:dataset_with_extra_by_context
[2024-10-29T21:55:40.467+0500] {logging_mixin.py:190} INFO - [2024-10-29T21:55:40.467+0500] {override.py:1907} INFO - Created Permission View: can delete on DAG:dataset_with_extra_from_classic_operator
[2024-10-29T21:55:40.478+0500] {logging_mixin.py:190} INFO - [2024-10-29T21:55:40.477+0500] {override.py:1907} INFO - Created Permission View: can edit on DAG:dataset_with_extra_from_classic_operator
[2024-10-29T21:55:40.489+0500] {logging_mixin.py:190} INFO - [2024-10-29T21:55:40.488+0500] {override.py:1907} INFO - Created Permission View: can read on DAG:dataset_with_extra_from_classic_operator
[2024-10-29T21:55:40.503+0500] {logging_mixin.py:190} INFO - [2024-10-29T21:55:40.503+0500] {override.py:1907} INFO - Created Permission View: can delete on DAG Run:dataset_with_extra_from_classic_operator
[2024-10-29T21:55:40.513+0500] {logging_mixin.py:190} INFO - [2024-10-29T21:55:40.513+0500] {override.py:1907} INFO - Created Permission View: can create on DAG Run:dataset_with_extra_from_classic_operator
[2024-10-29T21:55:40.523+0500] {logging_mixin.py:190} INFO - [2024-10-29T21:55:40.523+0500] {override.py:1907} INFO - Created Permission View: menu access on DAG Run:dataset_with_extra_from_classic_operator
[2024-10-29T21:55:40.533+0500] {logging_mixin.py:190} INFO - [2024-10-29T21:55:40.533+0500] {override.py:1907} INFO - Created Permission View: can read on DAG Run:dataset_with_extra_from_classic_operator
[2024-10-29T21:55:40.554+0500] {logging_mixin.py:190} INFO - [2024-10-29T21:55:40.553+0500] {override.py:1907} INFO - Created Permission View: can delete on DAG:dataset_with_extra_by_yield
[2024-10-29T21:55:40.564+0500] {logging_mixin.py:190} INFO - [2024-10-29T21:55:40.563+0500] {override.py:1907} INFO - Created Permission View: can edit on DAG:dataset_with_extra_by_yield
[2024-10-29T21:55:40.574+0500] {logging_mixin.py:190} INFO - [2024-10-29T21:55:40.573+0500] {override.py:1907} INFO - Created Permission View: can read on DAG:dataset_with_extra_by_yield
[2024-10-29T21:55:40.588+0500] {logging_mixin.py:190} INFO - [2024-10-29T21:55:40.588+0500] {override.py:1907} INFO - Created Permission View: can delete on DAG Run:dataset_with_extra_by_yield
[2024-10-29T21:55:40.598+0500] {logging_mixin.py:190} INFO - [2024-10-29T21:55:40.598+0500] {override.py:1907} INFO - Created Permission View: can create on DAG Run:dataset_with_extra_by_yield
[2024-10-29T21:55:40.608+0500] {logging_mixin.py:190} INFO - [2024-10-29T21:55:40.608+0500] {override.py:1907} INFO - Created Permission View: menu access on DAG Run:dataset_with_extra_by_yield
[2024-10-29T21:55:40.618+0500] {logging_mixin.py:190} INFO - [2024-10-29T21:55:40.618+0500] {override.py:1907} INFO - Created Permission View: can read on DAG Run:dataset_with_extra_by_yield
[2024-10-29T21:55:40.619+0500] {logging_mixin.py:190} INFO - [2024-10-29T21:55:40.619+0500] {dag.py:3239} INFO - Sync 3 DAGs
[2024-10-29T21:55:40.637+0500] {logging_mixin.py:190} INFO - [2024-10-29T21:55:40.637+0500] {dag.py:3262} INFO - Creating ORM DAG for dataset_with_extra_by_yield
[2024-10-29T21:55:40.638+0500] {logging_mixin.py:190} INFO - [2024-10-29T21:55:40.638+0500] {dag.py:3262} INFO - Creating ORM DAG for dataset_with_extra_by_context
[2024-10-29T21:55:40.639+0500] {logging_mixin.py:190} INFO - [2024-10-29T21:55:40.639+0500] {dag.py:3262} INFO - Creating ORM DAG for dataset_with_extra_from_classic_operator
[2024-10-29T21:55:40.654+0500] {logging_mixin.py:190} INFO - [2024-10-29T21:55:40.654+0500] {dag.py:4180} INFO - Setting next_dagrun for dataset_with_extra_by_context to 2024-10-28 00:00:00+00:00, run_after=2024-10-29 00:00:00+00:00
[2024-10-29T21:55:40.657+0500] {logging_mixin.py:190} INFO - [2024-10-29T21:55:40.657+0500] {dag.py:4180} INFO - Setting next_dagrun for dataset_with_extra_by_yield to 2024-10-28 00:00:00+00:00, run_after=2024-10-29 00:00:00+00:00
[2024-10-29T21:55:40.660+0500] {logging_mixin.py:190} INFO - [2024-10-29T21:55:40.659+0500] {dag.py:4180} INFO - Setting next_dagrun for dataset_with_extra_from_classic_operator to 2024-10-28 00:00:00+00:00, run_after=2024-10-29 00:00:00+00:00
[2024-10-29T21:55:40.695+0500] {processor.py:208} INFO - Processing /mnt/d/МАГИСТРАТУРА/semestr3/АМО/lab4/venv/lib/python3.10/site-packages/airflow/example_dags/example_outlet_event_extra.py took 0.651 seconds
[2024-10-29T21:56:55.778+0500] {processor.py:186} INFO - Started process (PID=1101) to work on /mnt/d/МАГИСТРАТУРА/semestr3/АМО/lab4/venv/lib/python3.10/site-packages/airflow/example_dags/example_outlet_event_extra.py
[2024-10-29T21:56:55.781+0500] {processor.py:914} INFO - Processing file /mnt/d/МАГИСТРАТУРА/semestr3/АМО/lab4/venv/lib/python3.10/site-packages/airflow/example_dags/example_outlet_event_extra.py for tasks to queue
[2024-10-29T21:56:55.786+0500] {logging_mixin.py:190} INFO - [2024-10-29T21:56:55.785+0500] {dagbag.py:588} INFO - Filling up the DagBag from /mnt/d/МАГИСТРАТУРА/semestr3/АМО/lab4/venv/lib/python3.10/site-packages/airflow/example_dags/example_outlet_event_extra.py
[2024-10-29T21:56:55.836+0500] {processor.py:925} INFO - DAG(s) 'dataset_with_extra_from_classic_operator', 'dataset_with_extra_by_yield', 'dataset_with_extra_by_context' retrieved from /mnt/d/МАГИСТРАТУРА/semestr3/АМО/lab4/venv/lib/python3.10/site-packages/airflow/example_dags/example_outlet_event_extra.py
[2024-10-29T21:56:55.893+0500] {logging_mixin.py:190} INFO - [2024-10-29T21:56:55.892+0500] {dag.py:3239} INFO - Sync 3 DAGs
[2024-10-29T21:56:55.934+0500] {logging_mixin.py:190} INFO - [2024-10-29T21:56:55.933+0500] {dag.py:4180} INFO - Setting next_dagrun for dataset_with_extra_by_context to 2024-10-28 00:00:00+00:00, run_after=2024-10-29 00:00:00+00:00
[2024-10-29T21:56:55.942+0500] {logging_mixin.py:190} INFO - [2024-10-29T21:56:55.942+0500] {dag.py:4180} INFO - Setting next_dagrun for dataset_with_extra_by_yield to 2024-10-28 00:00:00+00:00, run_after=2024-10-29 00:00:00+00:00
[2024-10-29T21:56:55.947+0500] {logging_mixin.py:190} INFO - [2024-10-29T21:56:55.946+0500] {dag.py:4180} INFO - Setting next_dagrun for dataset_with_extra_from_classic_operator to 2024-10-28 00:00:00+00:00, run_after=2024-10-29 00:00:00+00:00
[2024-10-29T21:56:56.000+0500] {processor.py:208} INFO - Processing /mnt/d/МАГИСТРАТУРА/semestr3/АМО/lab4/venv/lib/python3.10/site-packages/airflow/example_dags/example_outlet_event_extra.py took 0.243 seconds
