[2024-10-29T21:56:12.136+0500] {processor.py:186} INFO - Started process (PID=1050) to work on /mnt/d/МАГИСТРАТУРА/semestr3/АМО/lab4/venv/lib/python3.10/site-packages/airflow/example_dags/example_branch_day_of_week_operator.py
[2024-10-29T21:56:12.138+0500] {processor.py:914} INFO - Processing file /mnt/d/МАГИСТРАТУРА/semestr3/АМО/lab4/venv/lib/python3.10/site-packages/airflow/example_dags/example_branch_day_of_week_operator.py for tasks to queue
[2024-10-29T21:56:12.144+0500] {logging_mixin.py:190} INFO - [2024-10-29T21:56:12.143+0500] {dagbag.py:588} INFO - Filling up the DagBag from /mnt/d/МАГИСТРАТУРА/semestr3/АМО/lab4/venv/lib/python3.10/site-packages/airflow/example_dags/example_branch_day_of_week_operator.py
[2024-10-29T21:56:12.176+0500] {processor.py:925} INFO - DAG(s) 'example_weekday_branch_operator' retrieved from /mnt/d/МАГИСТРАТУРА/semestr3/АМО/lab4/venv/lib/python3.10/site-packages/airflow/example_dags/example_branch_day_of_week_operator.py
[2024-10-29T21:56:12.474+0500] {logging_mixin.py:190} INFO - [2024-10-29T21:56:12.473+0500] {override.py:1907} INFO - Created Permission View: can delete on DAG:example_weekday_branch_operator
[2024-10-29T21:56:12.496+0500] {logging_mixin.py:190} INFO - [2024-10-29T21:56:12.495+0500] {override.py:1907} INFO - Created Permission View: can edit on DAG:example_weekday_branch_operator
[2024-10-29T21:56:12.515+0500] {logging_mixin.py:190} INFO - [2024-10-29T21:56:12.515+0500] {override.py:1907} INFO - Created Permission View: can read on DAG:example_weekday_branch_operator
[2024-10-29T21:56:12.536+0500] {logging_mixin.py:190} INFO - [2024-10-29T21:56:12.535+0500] {override.py:1907} INFO - Created Permission View: can delete on DAG Run:example_weekday_branch_operator
[2024-10-29T21:56:12.550+0500] {logging_mixin.py:190} INFO - [2024-10-29T21:56:12.549+0500] {override.py:1907} INFO - Created Permission View: can create on DAG Run:example_weekday_branch_operator
[2024-10-29T21:56:12.565+0500] {logging_mixin.py:190} INFO - [2024-10-29T21:56:12.564+0500] {override.py:1907} INFO - Created Permission View: menu access on DAG Run:example_weekday_branch_operator
[2024-10-29T21:56:12.580+0500] {logging_mixin.py:190} INFO - [2024-10-29T21:56:12.579+0500] {override.py:1907} INFO - Created Permission View: can read on DAG Run:example_weekday_branch_operator
[2024-10-29T21:56:12.581+0500] {logging_mixin.py:190} INFO - [2024-10-29T21:56:12.581+0500] {dag.py:3239} INFO - Sync 1 DAGs
[2024-10-29T21:56:12.611+0500] {logging_mixin.py:190} INFO - [2024-10-29T21:56:12.611+0500] {dag.py:3262} INFO - Creating ORM DAG for example_weekday_branch_operator
[2024-10-29T21:56:12.631+0500] {logging_mixin.py:190} INFO - [2024-10-29T21:56:12.630+0500] {dag.py:4180} INFO - Setting next_dagrun for example_weekday_branch_operator to 2024-10-28 00:00:00+00:00, run_after=2024-10-29 00:00:00+00:00
[2024-10-29T21:56:12.674+0500] {processor.py:208} INFO - Processing /mnt/d/МАГИСТРАТУРА/semestr3/АМО/lab4/venv/lib/python3.10/site-packages/airflow/example_dags/example_branch_day_of_week_operator.py took 0.556 seconds
[2024-10-29T21:57:29.594+0500] {processor.py:186} INFO - Started process (PID=1132) to work on /mnt/d/МАГИСТРАТУРА/semestr3/АМО/lab4/venv/lib/python3.10/site-packages/airflow/example_dags/example_branch_day_of_week_operator.py
[2024-10-29T21:57:29.597+0500] {processor.py:914} INFO - Processing file /mnt/d/МАГИСТРАТУРА/semestr3/АМО/lab4/venv/lib/python3.10/site-packages/airflow/example_dags/example_branch_day_of_week_operator.py for tasks to queue
[2024-10-29T21:57:29.603+0500] {logging_mixin.py:190} INFO - [2024-10-29T21:57:29.602+0500] {dagbag.py:588} INFO - Filling up the DagBag from /mnt/d/МАГИСТРАТУРА/semestr3/АМО/lab4/venv/lib/python3.10/site-packages/airflow/example_dags/example_branch_day_of_week_operator.py
[2024-10-29T21:57:29.637+0500] {processor.py:925} INFO - DAG(s) 'example_weekday_branch_operator' retrieved from /mnt/d/МАГИСТРАТУРА/semestr3/АМО/lab4/venv/lib/python3.10/site-packages/airflow/example_dags/example_branch_day_of_week_operator.py
[2024-10-29T21:57:29.678+0500] {logging_mixin.py:190} INFO - [2024-10-29T21:57:29.677+0500] {dag.py:3239} INFO - Sync 1 DAGs
[2024-10-29T21:57:29.717+0500] {logging_mixin.py:190} INFO - [2024-10-29T21:57:29.716+0500] {dag.py:4180} INFO - Setting next_dagrun for example_weekday_branch_operator to 2024-10-28 00:00:00+00:00, run_after=2024-10-29 00:00:00+00:00
[2024-10-29T21:57:29.753+0500] {processor.py:208} INFO - Processing /mnt/d/МАГИСТРАТУРА/semestr3/АМО/lab4/venv/lib/python3.10/site-packages/airflow/example_dags/example_branch_day_of_week_operator.py took 0.175 seconds
