[2024-10-29T21:56:06.820+0500] {processor.py:186} INFO - Started process (PID=1046) to work on /mnt/d/МАГИСТРАТУРА/semestr3/АМО/lab4/venv/lib/python3.10/site-packages/airflow/example_dags/example_branch_python_dop_operator_3.py
[2024-10-29T21:56:06.823+0500] {processor.py:914} INFO - Processing file /mnt/d/МАГИСТРАТУРА/semestr3/АМО/lab4/venv/lib/python3.10/site-packages/airflow/example_dags/example_branch_python_dop_operator_3.py for tasks to queue
[2024-10-29T21:56:06.829+0500] {logging_mixin.py:190} INFO - [2024-10-29T21:56:06.828+0500] {dagbag.py:588} INFO - Filling up the DagBag from /mnt/d/МАГИСТРАТУРА/semestr3/АМО/lab4/venv/lib/python3.10/site-packages/airflow/example_dags/example_branch_python_dop_operator_3.py
[2024-10-29T21:56:06.866+0500] {processor.py:925} INFO - DAG(s) 'example_branch_dop_operator_v3' retrieved from /mnt/d/МАГИСТРАТУРА/semestr3/АМО/lab4/venv/lib/python3.10/site-packages/airflow/example_dags/example_branch_python_dop_operator_3.py
[2024-10-29T21:56:07.164+0500] {logging_mixin.py:190} INFO - [2024-10-29T21:56:07.162+0500] {override.py:1907} INFO - Created Permission View: can delete on DAG:example_branch_dop_operator_v3
[2024-10-29T21:56:07.182+0500] {logging_mixin.py:190} INFO - [2024-10-29T21:56:07.181+0500] {override.py:1907} INFO - Created Permission View: can edit on DAG:example_branch_dop_operator_v3
[2024-10-29T21:56:07.195+0500] {logging_mixin.py:190} INFO - [2024-10-29T21:56:07.194+0500] {override.py:1907} INFO - Created Permission View: can read on DAG:example_branch_dop_operator_v3
[2024-10-29T21:56:07.214+0500] {logging_mixin.py:190} INFO - [2024-10-29T21:56:07.213+0500] {override.py:1907} INFO - Created Permission View: can delete on DAG Run:example_branch_dop_operator_v3
[2024-10-29T21:56:07.226+0500] {logging_mixin.py:190} INFO - [2024-10-29T21:56:07.225+0500] {override.py:1907} INFO - Created Permission View: can create on DAG Run:example_branch_dop_operator_v3
[2024-10-29T21:56:07.239+0500] {logging_mixin.py:190} INFO - [2024-10-29T21:56:07.238+0500] {override.py:1907} INFO - Created Permission View: menu access on DAG Run:example_branch_dop_operator_v3
[2024-10-29T21:56:07.253+0500] {logging_mixin.py:190} INFO - [2024-10-29T21:56:07.252+0500] {override.py:1907} INFO - Created Permission View: can read on DAG Run:example_branch_dop_operator_v3
[2024-10-29T21:56:07.254+0500] {logging_mixin.py:190} INFO - [2024-10-29T21:56:07.253+0500] {dag.py:3239} INFO - Sync 1 DAGs
[2024-10-29T21:56:07.277+0500] {logging_mixin.py:190} INFO - [2024-10-29T21:56:07.276+0500] {dag.py:3262} INFO - Creating ORM DAG for example_branch_dop_operator_v3
[2024-10-29T21:56:07.306+0500] {logging_mixin.py:190} INFO - [2024-10-29T21:56:07.306+0500] {dag.py:4180} INFO - Setting next_dagrun for example_branch_dop_operator_v3 to 2024-10-29 16:55:00+00:00, run_after=2024-10-29 16:56:00+00:00
[2024-10-29T21:56:07.342+0500] {processor.py:208} INFO - Processing /mnt/d/МАГИСТРАТУРА/semestr3/АМО/lab4/venv/lib/python3.10/site-packages/airflow/example_dags/example_branch_python_dop_operator_3.py took 0.542 seconds
[2024-10-29T21:57:25.483+0500] {processor.py:186} INFO - Started process (PID=1128) to work on /mnt/d/МАГИСТРАТУРА/semestr3/АМО/lab4/venv/lib/python3.10/site-packages/airflow/example_dags/example_branch_python_dop_operator_3.py
[2024-10-29T21:57:25.485+0500] {processor.py:914} INFO - Processing file /mnt/d/МАГИСТРАТУРА/semestr3/АМО/lab4/venv/lib/python3.10/site-packages/airflow/example_dags/example_branch_python_dop_operator_3.py for tasks to queue
[2024-10-29T21:57:25.490+0500] {logging_mixin.py:190} INFO - [2024-10-29T21:57:25.489+0500] {dagbag.py:588} INFO - Filling up the DagBag from /mnt/d/МАГИСТРАТУРА/semestr3/АМО/lab4/venv/lib/python3.10/site-packages/airflow/example_dags/example_branch_python_dop_operator_3.py
[2024-10-29T21:57:25.518+0500] {processor.py:925} INFO - DAG(s) 'example_branch_dop_operator_v3' retrieved from /mnt/d/МАГИСТРАТУРА/semestr3/АМО/lab4/venv/lib/python3.10/site-packages/airflow/example_dags/example_branch_python_dop_operator_3.py
[2024-10-29T21:57:25.550+0500] {logging_mixin.py:190} INFO - [2024-10-29T21:57:25.550+0500] {dag.py:3239} INFO - Sync 1 DAGs
[2024-10-29T21:57:25.588+0500] {logging_mixin.py:190} INFO - [2024-10-29T21:57:25.588+0500] {dag.py:4180} INFO - Setting next_dagrun for example_branch_dop_operator_v3 to 2024-10-29 16:56:00+00:00, run_after=2024-10-29 16:57:00+00:00
[2024-10-29T21:57:25.619+0500] {processor.py:208} INFO - Processing /mnt/d/МАГИСТРАТУРА/semestr3/АМО/lab4/venv/lib/python3.10/site-packages/airflow/example_dags/example_branch_python_dop_operator_3.py took 0.153 seconds
