[2024-10-29T21:55:46.399+0500] {processor.py:186} INFO - Started process (PID=1026) to work on /mnt/d/МАГИСТРАТУРА/semestr3/АМО/lab4/venv/lib/python3.10/site-packages/airflow/example_dags/example_latest_only.py
[2024-10-29T21:55:46.401+0500] {processor.py:914} INFO - Processing file /mnt/d/МАГИСТРАТУРА/semestr3/АМО/lab4/venv/lib/python3.10/site-packages/airflow/example_dags/example_latest_only.py for tasks to queue
[2024-10-29T21:55:46.410+0500] {logging_mixin.py:190} INFO - [2024-10-29T21:55:46.408+0500] {dagbag.py:588} INFO - Filling up the DagBag from /mnt/d/МАГИСТРАТУРА/semestr3/АМО/lab4/venv/lib/python3.10/site-packages/airflow/example_dags/example_latest_only.py
[2024-10-29T21:55:46.440+0500] {processor.py:925} INFO - DAG(s) 'latest_only' retrieved from /mnt/d/МАГИСТРАТУРА/semestr3/АМО/lab4/venv/lib/python3.10/site-packages/airflow/example_dags/example_latest_only.py
[2024-10-29T21:55:46.720+0500] {logging_mixin.py:190} INFO - [2024-10-29T21:55:46.718+0500] {override.py:1907} INFO - Created Permission View: can delete on DAG:latest_only
[2024-10-29T21:55:46.747+0500] {logging_mixin.py:190} INFO - [2024-10-29T21:55:46.746+0500] {override.py:1907} INFO - Created Permission View: can edit on DAG:latest_only
[2024-10-29T21:55:46.760+0500] {logging_mixin.py:190} INFO - [2024-10-29T21:55:46.759+0500] {override.py:1907} INFO - Created Permission View: can read on DAG:latest_only
[2024-10-29T21:55:46.783+0500] {logging_mixin.py:190} INFO - [2024-10-29T21:55:46.782+0500] {override.py:1907} INFO - Created Permission View: can delete on DAG Run:latest_only
[2024-10-29T21:55:46.796+0500] {logging_mixin.py:190} INFO - [2024-10-29T21:55:46.795+0500] {override.py:1907} INFO - Created Permission View: can create on DAG Run:latest_only
[2024-10-29T21:55:46.808+0500] {logging_mixin.py:190} INFO - [2024-10-29T21:55:46.807+0500] {override.py:1907} INFO - Created Permission View: menu access on DAG Run:latest_only
[2024-10-29T21:55:46.819+0500] {logging_mixin.py:190} INFO - [2024-10-29T21:55:46.819+0500] {override.py:1907} INFO - Created Permission View: can read on DAG Run:latest_only
[2024-10-29T21:55:46.820+0500] {logging_mixin.py:190} INFO - [2024-10-29T21:55:46.820+0500] {dag.py:3239} INFO - Sync 1 DAGs
[2024-10-29T21:55:46.843+0500] {logging_mixin.py:190} INFO - [2024-10-29T21:55:46.842+0500] {dag.py:3262} INFO - Creating ORM DAG for latest_only
[2024-10-29T21:55:46.859+0500] {logging_mixin.py:190} INFO - [2024-10-29T21:55:46.859+0500] {dag.py:4180} INFO - Setting next_dagrun for latest_only to 2024-10-29 12:00:00+00:00, run_after=2024-10-29 16:00:00+00:00
[2024-10-29T21:55:46.894+0500] {processor.py:208} INFO - Processing /mnt/d/МАГИСТРАТУРА/semestr3/АМО/lab4/venv/lib/python3.10/site-packages/airflow/example_dags/example_latest_only.py took 0.515 seconds
[2024-10-29T21:56:59.302+0500] {processor.py:186} INFO - Started process (PID=1105) to work on /mnt/d/МАГИСТРАТУРА/semestr3/АМО/lab4/venv/lib/python3.10/site-packages/airflow/example_dags/example_latest_only.py
[2024-10-29T21:56:59.305+0500] {processor.py:914} INFO - Processing file /mnt/d/МАГИСТРАТУРА/semestr3/АМО/lab4/venv/lib/python3.10/site-packages/airflow/example_dags/example_latest_only.py for tasks to queue
[2024-10-29T21:56:59.311+0500] {logging_mixin.py:190} INFO - [2024-10-29T21:56:59.310+0500] {dagbag.py:588} INFO - Filling up the DagBag from /mnt/d/МАГИСТРАТУРА/semestr3/АМО/lab4/venv/lib/python3.10/site-packages/airflow/example_dags/example_latest_only.py
[2024-10-29T21:56:59.335+0500] {processor.py:925} INFO - DAG(s) 'latest_only' retrieved from /mnt/d/МАГИСТРАТУРА/semestr3/АМО/lab4/venv/lib/python3.10/site-packages/airflow/example_dags/example_latest_only.py
[2024-10-29T21:56:59.373+0500] {logging_mixin.py:190} INFO - [2024-10-29T21:56:59.373+0500] {dag.py:3239} INFO - Sync 1 DAGs
[2024-10-29T21:56:59.414+0500] {logging_mixin.py:190} INFO - [2024-10-29T21:56:59.413+0500] {dag.py:4180} INFO - Setting next_dagrun for latest_only to 2024-10-29 12:00:00+00:00, run_after=2024-10-29 16:00:00+00:00
[2024-10-29T21:56:59.452+0500] {processor.py:208} INFO - Processing /mnt/d/МАГИСТРАТУРА/semestr3/АМО/lab4/venv/lib/python3.10/site-packages/airflow/example_dags/example_latest_only.py took 0.168 seconds
