[2024-10-29T21:55:14.499+0500] {processor.py:186} INFO - Started process (PID=999) to work on /mnt/d/МАГИСТРАТУРА/semestr3/АМО/lab4/venv/lib/python3.10/site-packages/airflow/example_dags/example_time_delta_sensor_async.py
[2024-10-29T21:55:14.503+0500] {processor.py:914} INFO - Processing file /mnt/d/МАГИСТРАТУРА/semestr3/АМО/lab4/venv/lib/python3.10/site-packages/airflow/example_dags/example_time_delta_sensor_async.py for tasks to queue
[2024-10-29T21:55:14.514+0500] {logging_mixin.py:190} INFO - [2024-10-29T21:55:14.513+0500] {dagbag.py:588} INFO - Filling up the DagBag from /mnt/d/МАГИСТРАТУРА/semestr3/АМО/lab4/venv/lib/python3.10/site-packages/airflow/example_dags/example_time_delta_sensor_async.py
[2024-10-29T21:55:14.564+0500] {processor.py:925} INFO - DAG(s) 'example_time_delta_sensor_async' retrieved from /mnt/d/МАГИСТРАТУРА/semestr3/АМО/lab4/venv/lib/python3.10/site-packages/airflow/example_dags/example_time_delta_sensor_async.py
[2024-10-29T21:55:14.914+0500] {logging_mixin.py:190} INFO - [2024-10-29T21:55:14.913+0500] {override.py:1907} INFO - Created Permission View: can delete on DAG:example_time_delta_sensor_async
[2024-10-29T21:55:14.934+0500] {logging_mixin.py:190} INFO - [2024-10-29T21:55:14.933+0500] {override.py:1907} INFO - Created Permission View: can edit on DAG:example_time_delta_sensor_async
[2024-10-29T21:55:14.950+0500] {logging_mixin.py:190} INFO - [2024-10-29T21:55:14.949+0500] {override.py:1907} INFO - Created Permission View: can read on DAG:example_time_delta_sensor_async
[2024-10-29T21:55:14.969+0500] {logging_mixin.py:190} INFO - [2024-10-29T21:55:14.968+0500] {override.py:1907} INFO - Created Permission View: can delete on DAG Run:example_time_delta_sensor_async
[2024-10-29T21:55:14.983+0500] {logging_mixin.py:190} INFO - [2024-10-29T21:55:14.982+0500] {override.py:1907} INFO - Created Permission View: can create on DAG Run:example_time_delta_sensor_async
[2024-10-29T21:55:14.996+0500] {logging_mixin.py:190} INFO - [2024-10-29T21:55:14.996+0500] {override.py:1907} INFO - Created Permission View: menu access on DAG Run:example_time_delta_sensor_async
[2024-10-29T21:55:15.012+0500] {logging_mixin.py:190} INFO - [2024-10-29T21:55:15.011+0500] {override.py:1907} INFO - Created Permission View: can read on DAG Run:example_time_delta_sensor_async
[2024-10-29T21:55:15.013+0500] {logging_mixin.py:190} INFO - [2024-10-29T21:55:15.013+0500] {dag.py:3239} INFO - Sync 1 DAGs
[2024-10-29T21:55:15.045+0500] {logging_mixin.py:190} INFO - [2024-10-29T21:55:15.044+0500] {dag.py:3262} INFO - Creating ORM DAG for example_time_delta_sensor_async
[2024-10-29T21:55:15.046+0500] {logging_mixin.py:190} INFO - [2024-10-29T21:55:15.046+0500] {dag.py:4180} INFO - Setting next_dagrun for example_time_delta_sensor_async to None, run_after=None
[2024-10-29T21:55:15.082+0500] {processor.py:208} INFO - Processing /mnt/d/МАГИСТРАТУРА/semestr3/АМО/lab4/venv/lib/python3.10/site-packages/airflow/example_dags/example_time_delta_sensor_async.py took 0.609 seconds
[2024-10-29T21:56:36.570+0500] {processor.py:186} INFO - Started process (PID=1084) to work on /mnt/d/МАГИСТРАТУРА/semestr3/АМО/lab4/venv/lib/python3.10/site-packages/airflow/example_dags/example_time_delta_sensor_async.py
[2024-10-29T21:56:36.572+0500] {processor.py:914} INFO - Processing file /mnt/d/МАГИСТРАТУРА/semestr3/АМО/lab4/venv/lib/python3.10/site-packages/airflow/example_dags/example_time_delta_sensor_async.py for tasks to queue
[2024-10-29T21:56:36.577+0500] {logging_mixin.py:190} INFO - [2024-10-29T21:56:36.576+0500] {dagbag.py:588} INFO - Filling up the DagBag from /mnt/d/МАГИСТРАТУРА/semestr3/АМО/lab4/venv/lib/python3.10/site-packages/airflow/example_dags/example_time_delta_sensor_async.py
[2024-10-29T21:56:36.597+0500] {processor.py:925} INFO - DAG(s) 'example_time_delta_sensor_async' retrieved from /mnt/d/МАГИСТРАТУРА/semestr3/АМО/lab4/venv/lib/python3.10/site-packages/airflow/example_dags/example_time_delta_sensor_async.py
[2024-10-29T21:56:36.629+0500] {logging_mixin.py:190} INFO - [2024-10-29T21:56:36.629+0500] {dag.py:3239} INFO - Sync 1 DAGs
[2024-10-29T21:56:36.652+0500] {logging_mixin.py:190} INFO - [2024-10-29T21:56:36.652+0500] {dag.py:4180} INFO - Setting next_dagrun for example_time_delta_sensor_async to None, run_after=None
[2024-10-29T21:56:36.683+0500] {processor.py:208} INFO - Processing /mnt/d/МАГИСТРАТУРА/semestr3/АМО/lab4/venv/lib/python3.10/site-packages/airflow/example_dags/example_time_delta_sensor_async.py took 0.131 seconds
[2024-10-29T21:57:40.783+0500] {processor.py:186} INFO - Started process (PID=1143) to work on /mnt/d/МАГИСТРАТУРА/semestr3/АМО/lab4/venv/lib/python3.10/site-packages/airflow/example_dags/example_time_delta_sensor_async.py
[2024-10-29T21:57:40.786+0500] {processor.py:914} INFO - Processing file /mnt/d/МАГИСТРАТУРА/semestr3/АМО/lab4/venv/lib/python3.10/site-packages/airflow/example_dags/example_time_delta_sensor_async.py for tasks to queue
[2024-10-29T21:57:40.792+0500] {logging_mixin.py:190} INFO - [2024-10-29T21:57:40.791+0500] {dagbag.py:588} INFO - Filling up the DagBag from /mnt/d/МАГИСТРАТУРА/semestr3/АМО/lab4/venv/lib/python3.10/site-packages/airflow/example_dags/example_time_delta_sensor_async.py
[2024-10-29T21:57:40.817+0500] {processor.py:925} INFO - DAG(s) 'example_time_delta_sensor_async' retrieved from /mnt/d/МАГИСТРАТУРА/semestr3/АМО/lab4/venv/lib/python3.10/site-packages/airflow/example_dags/example_time_delta_sensor_async.py
[2024-10-29T21:57:40.856+0500] {logging_mixin.py:190} INFO - [2024-10-29T21:57:40.855+0500] {dag.py:3239} INFO - Sync 1 DAGs
[2024-10-29T21:57:40.881+0500] {logging_mixin.py:190} INFO - [2024-10-29T21:57:40.881+0500] {dag.py:4180} INFO - Setting next_dagrun for example_time_delta_sensor_async to None, run_after=None
[2024-10-29T21:57:40.921+0500] {processor.py:208} INFO - Processing /mnt/d/МАГИСТРАТУРА/semestr3/АМО/lab4/venv/lib/python3.10/site-packages/airflow/example_dags/example_time_delta_sensor_async.py took 0.157 seconds
