[2024-10-29T21:55:12.801+0500] {processor.py:186} INFO - Started process (PID=998) to work on /mnt/d/МАГИСТРАТУРА/semestr3/АМО/lab4/venv/lib/python3.10/site-packages/airflow/example_dags/example_trigger_controller_dag.py
[2024-10-29T21:55:12.803+0500] {processor.py:914} INFO - Processing file /mnt/d/МАГИСТРАТУРА/semestr3/АМО/lab4/venv/lib/python3.10/site-packages/airflow/example_dags/example_trigger_controller_dag.py for tasks to queue
[2024-10-29T21:55:12.811+0500] {logging_mixin.py:190} INFO - [2024-10-29T21:55:12.809+0500] {dagbag.py:588} INFO - Filling up the DagBag from /mnt/d/МАГИСТРАТУРА/semestr3/АМО/lab4/venv/lib/python3.10/site-packages/airflow/example_dags/example_trigger_controller_dag.py
[2024-10-29T21:55:12.837+0500] {processor.py:925} INFO - DAG(s) 'example_trigger_controller_dag' retrieved from /mnt/d/МАГИСТРАТУРА/semestr3/АМО/lab4/venv/lib/python3.10/site-packages/airflow/example_dags/example_trigger_controller_dag.py
[2024-10-29T21:55:13.132+0500] {logging_mixin.py:190} INFO - [2024-10-29T21:55:13.130+0500] {override.py:1907} INFO - Created Permission View: can delete on DAG:example_trigger_controller_dag
[2024-10-29T21:55:13.162+0500] {logging_mixin.py:190} INFO - [2024-10-29T21:55:13.161+0500] {override.py:1907} INFO - Created Permission View: can edit on DAG:example_trigger_controller_dag
[2024-10-29T21:55:13.180+0500] {logging_mixin.py:190} INFO - [2024-10-29T21:55:13.179+0500] {override.py:1907} INFO - Created Permission View: can read on DAG:example_trigger_controller_dag
[2024-10-29T21:55:13.201+0500] {logging_mixin.py:190} INFO - [2024-10-29T21:55:13.200+0500] {override.py:1907} INFO - Created Permission View: can delete on DAG Run:example_trigger_controller_dag
[2024-10-29T21:55:13.216+0500] {logging_mixin.py:190} INFO - [2024-10-29T21:55:13.215+0500] {override.py:1907} INFO - Created Permission View: can create on DAG Run:example_trigger_controller_dag
[2024-10-29T21:55:13.228+0500] {logging_mixin.py:190} INFO - [2024-10-29T21:55:13.227+0500] {override.py:1907} INFO - Created Permission View: menu access on DAG Run:example_trigger_controller_dag
[2024-10-29T21:55:13.240+0500] {logging_mixin.py:190} INFO - [2024-10-29T21:55:13.240+0500] {override.py:1907} INFO - Created Permission View: can read on DAG Run:example_trigger_controller_dag
[2024-10-29T21:55:13.242+0500] {logging_mixin.py:190} INFO - [2024-10-29T21:55:13.241+0500] {dag.py:3239} INFO - Sync 1 DAGs
[2024-10-29T21:55:13.274+0500] {logging_mixin.py:190} INFO - [2024-10-29T21:55:13.274+0500] {dag.py:3262} INFO - Creating ORM DAG for example_trigger_controller_dag
[2024-10-29T21:55:13.291+0500] {logging_mixin.py:190} INFO - [2024-10-29T21:55:13.291+0500] {dag.py:4180} INFO - Setting next_dagrun for example_trigger_controller_dag to 2021-01-01 00:00:00+00:00, run_after=2021-01-01 00:00:00+00:00
[2024-10-29T21:55:13.324+0500] {processor.py:208} INFO - Processing /mnt/d/МАГИСТРАТУРА/semestr3/АМО/lab4/venv/lib/python3.10/site-packages/airflow/example_dags/example_trigger_controller_dag.py took 0.545 seconds
[2024-10-29T21:56:35.287+0500] {processor.py:186} INFO - Started process (PID=1083) to work on /mnt/d/МАГИСТРАТУРА/semestr3/АМО/lab4/venv/lib/python3.10/site-packages/airflow/example_dags/example_trigger_controller_dag.py
[2024-10-29T21:56:35.289+0500] {processor.py:914} INFO - Processing file /mnt/d/МАГИСТРАТУРА/semestr3/АМО/lab4/venv/lib/python3.10/site-packages/airflow/example_dags/example_trigger_controller_dag.py for tasks to queue
[2024-10-29T21:56:35.295+0500] {logging_mixin.py:190} INFO - [2024-10-29T21:56:35.293+0500] {dagbag.py:588} INFO - Filling up the DagBag from /mnt/d/МАГИСТРАТУРА/semestr3/АМО/lab4/venv/lib/python3.10/site-packages/airflow/example_dags/example_trigger_controller_dag.py
[2024-10-29T21:56:35.321+0500] {processor.py:925} INFO - DAG(s) 'example_trigger_controller_dag' retrieved from /mnt/d/МАГИСТРАТУРА/semestr3/АМО/lab4/venv/lib/python3.10/site-packages/airflow/example_dags/example_trigger_controller_dag.py
[2024-10-29T21:56:35.358+0500] {logging_mixin.py:190} INFO - [2024-10-29T21:56:35.358+0500] {dag.py:3239} INFO - Sync 1 DAGs
[2024-10-29T21:56:35.393+0500] {logging_mixin.py:190} INFO - [2024-10-29T21:56:35.392+0500] {dag.py:4180} INFO - Setting next_dagrun for example_trigger_controller_dag to 2021-01-01 00:00:00+00:00, run_after=2021-01-01 00:00:00+00:00
[2024-10-29T21:56:35.423+0500] {processor.py:208} INFO - Processing /mnt/d/МАГИСТРАТУРА/semestr3/АМО/lab4/venv/lib/python3.10/site-packages/airflow/example_dags/example_trigger_controller_dag.py took 0.160 seconds
[2024-10-29T21:57:40.133+0500] {processor.py:186} INFO - Started process (PID=1142) to work on /mnt/d/МАГИСТРАТУРА/semestr3/АМО/lab4/venv/lib/python3.10/site-packages/airflow/example_dags/example_trigger_controller_dag.py
[2024-10-29T21:57:40.136+0500] {processor.py:914} INFO - Processing file /mnt/d/МАГИСТРАТУРА/semestr3/АМО/lab4/venv/lib/python3.10/site-packages/airflow/example_dags/example_trigger_controller_dag.py for tasks to queue
[2024-10-29T21:57:40.142+0500] {logging_mixin.py:190} INFO - [2024-10-29T21:57:40.141+0500] {dagbag.py:588} INFO - Filling up the DagBag from /mnt/d/МАГИСТРАТУРА/semestr3/АМО/lab4/venv/lib/python3.10/site-packages/airflow/example_dags/example_trigger_controller_dag.py
[2024-10-29T21:57:40.169+0500] {processor.py:925} INFO - DAG(s) 'example_trigger_controller_dag' retrieved from /mnt/d/МАГИСТРАТУРА/semestr3/АМО/lab4/venv/lib/python3.10/site-packages/airflow/example_dags/example_trigger_controller_dag.py
[2024-10-29T21:57:40.209+0500] {logging_mixin.py:190} INFO - [2024-10-29T21:57:40.208+0500] {dag.py:3239} INFO - Sync 1 DAGs
[2024-10-29T21:57:40.255+0500] {logging_mixin.py:190} INFO - [2024-10-29T21:57:40.255+0500] {dag.py:4180} INFO - Setting next_dagrun for example_trigger_controller_dag to 2021-01-01 00:00:00+00:00, run_after=2021-01-01 00:00:00+00:00
[2024-10-29T21:57:40.295+0500] {processor.py:208} INFO - Processing /mnt/d/МАГИСТРАТУРА/semestr3/АМО/lab4/venv/lib/python3.10/site-packages/airflow/example_dags/example_trigger_controller_dag.py took 0.181 seconds
