[2024-10-29T21:55:43.622+0500] {processor.py:186} INFO - Started process (PID=1018) to work on /mnt/d/МАГИСТРАТУРА/semestr3/АМО/lab4/venv/lib/python3.10/site-packages/airflow/example_dags/example_local_kubernetes_executor.py
[2024-10-29T21:55:43.625+0500] {processor.py:914} INFO - Processing file /mnt/d/МАГИСТРАТУРА/semestr3/АМО/lab4/venv/lib/python3.10/site-packages/airflow/example_dags/example_local_kubernetes_executor.py for tasks to queue
[2024-10-29T21:55:43.633+0500] {logging_mixin.py:190} INFO - [2024-10-29T21:55:43.632+0500] {dagbag.py:588} INFO - Filling up the DagBag from /mnt/d/МАГИСТРАТУРА/semestr3/АМО/lab4/venv/lib/python3.10/site-packages/airflow/example_dags/example_local_kubernetes_executor.py
[2024-10-29T21:55:43.646+0500] {logging_mixin.py:190} INFO - [2024-10-29T21:55:43.644+0500] {example_local_kubernetes_executor.py:40} WARNING - Could not import DAGs in example_local_kubernetes_executor.py
Traceback (most recent call last):
  File "/mnt/d/МАГИСТРАТУРА/semestr3/АМО/lab4/venv/lib/python3.10/site-packages/airflow/example_dags/example_local_kubernetes_executor.py", line 38, in <module>
    from kubernetes.client import models as k8s
ModuleNotFoundError: No module named 'kubernetes'
[2024-10-29T21:55:43.647+0500] {logging_mixin.py:190} INFO - [2024-10-29T21:55:43.647+0500] {example_local_kubernetes_executor.py:41} WARNING - Install Kubernetes dependencies with: pip install apache-airflow[cncf.kubernetes]
[2024-10-29T21:55:43.648+0500] {processor.py:927} WARNING - No viable dags retrieved from /mnt/d/МАГИСТРАТУРА/semestr3/АМО/lab4/venv/lib/python3.10/site-packages/airflow/example_dags/example_local_kubernetes_executor.py
[2024-10-29T21:55:43.675+0500] {processor.py:208} INFO - Processing /mnt/d/МАГИСТРАТУРА/semestr3/АМО/lab4/venv/lib/python3.10/site-packages/airflow/example_dags/example_local_kubernetes_executor.py took 0.071 seconds
[2024-10-29T21:56:56.833+0500] {processor.py:186} INFO - Started process (PID=1103) to work on /mnt/d/МАГИСТРАТУРА/semestr3/АМО/lab4/venv/lib/python3.10/site-packages/airflow/example_dags/example_local_kubernetes_executor.py
[2024-10-29T21:56:56.835+0500] {processor.py:914} INFO - Processing file /mnt/d/МАГИСТРАТУРА/semestr3/АМО/lab4/venv/lib/python3.10/site-packages/airflow/example_dags/example_local_kubernetes_executor.py for tasks to queue
[2024-10-29T21:56:56.841+0500] {logging_mixin.py:190} INFO - [2024-10-29T21:56:56.840+0500] {dagbag.py:588} INFO - Filling up the DagBag from /mnt/d/МАГИСТРАТУРА/semestr3/АМО/lab4/venv/lib/python3.10/site-packages/airflow/example_dags/example_local_kubernetes_executor.py
[2024-10-29T21:56:56.852+0500] {logging_mixin.py:190} INFO - [2024-10-29T21:56:56.850+0500] {example_local_kubernetes_executor.py:40} WARNING - Could not import DAGs in example_local_kubernetes_executor.py
Traceback (most recent call last):
  File "/mnt/d/МАГИСТРАТУРА/semestr3/АМО/lab4/venv/lib/python3.10/site-packages/airflow/example_dags/example_local_kubernetes_executor.py", line 38, in <module>
    from kubernetes.client import models as k8s
ModuleNotFoundError: No module named 'kubernetes'
[2024-10-29T21:56:56.852+0500] {logging_mixin.py:190} INFO - [2024-10-29T21:56:56.852+0500] {example_local_kubernetes_executor.py:41} WARNING - Install Kubernetes dependencies with: pip install apache-airflow[cncf.kubernetes]
[2024-10-29T21:56:56.853+0500] {processor.py:927} WARNING - No viable dags retrieved from /mnt/d/МАГИСТРАТУРА/semestr3/АМО/lab4/venv/lib/python3.10/site-packages/airflow/example_dags/example_local_kubernetes_executor.py
[2024-10-29T21:56:56.878+0500] {processor.py:208} INFO - Processing /mnt/d/МАГИСТРАТУРА/semestr3/АМО/lab4/venv/lib/python3.10/site-packages/airflow/example_dags/example_local_kubernetes_executor.py took 0.065 seconds
