[2024-10-29T21:55:53.777+0500] {processor.py:186} INFO - Started process (PID=1031) to work on /mnt/d/МАГИСТРАТУРА/semestr3/АМО/lab4/venv/lib/python3.10/site-packages/airflow/example_dags/example_dynamic_task_mapping.py
[2024-10-29T21:55:53.780+0500] {processor.py:914} INFO - Processing file /mnt/d/МАГИСТРАТУРА/semestr3/АМО/lab4/venv/lib/python3.10/site-packages/airflow/example_dags/example_dynamic_task_mapping.py for tasks to queue
[2024-10-29T21:55:53.789+0500] {logging_mixin.py:190} INFO - [2024-10-29T21:55:53.788+0500] {dagbag.py:588} INFO - Filling up the DagBag from /mnt/d/МАГИСТРАТУРА/semestr3/АМО/lab4/venv/lib/python3.10/site-packages/airflow/example_dags/example_dynamic_task_mapping.py
[2024-10-29T21:55:53.815+0500] {processor.py:925} INFO - DAG(s) 'example_dynamic_task_mapping' retrieved from /mnt/d/МАГИСТРАТУРА/semestr3/АМО/lab4/venv/lib/python3.10/site-packages/airflow/example_dags/example_dynamic_task_mapping.py
[2024-10-29T21:55:54.061+0500] {logging_mixin.py:190} INFO - [2024-10-29T21:55:54.060+0500] {override.py:1907} INFO - Created Permission View: can delete on DAG:example_dynamic_task_mapping
[2024-10-29T21:55:54.078+0500] {logging_mixin.py:190} INFO - [2024-10-29T21:55:54.077+0500] {override.py:1907} INFO - Created Permission View: can edit on DAG:example_dynamic_task_mapping
[2024-10-29T21:55:54.090+0500] {logging_mixin.py:190} INFO - [2024-10-29T21:55:54.089+0500] {override.py:1907} INFO - Created Permission View: can read on DAG:example_dynamic_task_mapping
[2024-10-29T21:55:54.107+0500] {logging_mixin.py:190} INFO - [2024-10-29T21:55:54.106+0500] {override.py:1907} INFO - Created Permission View: can delete on DAG Run:example_dynamic_task_mapping
[2024-10-29T21:55:54.118+0500] {logging_mixin.py:190} INFO - [2024-10-29T21:55:54.117+0500] {override.py:1907} INFO - Created Permission View: can create on DAG Run:example_dynamic_task_mapping
[2024-10-29T21:55:54.129+0500] {logging_mixin.py:190} INFO - [2024-10-29T21:55:54.128+0500] {override.py:1907} INFO - Created Permission View: menu access on DAG Run:example_dynamic_task_mapping
[2024-10-29T21:55:54.140+0500] {logging_mixin.py:190} INFO - [2024-10-29T21:55:54.139+0500] {override.py:1907} INFO - Created Permission View: can read on DAG Run:example_dynamic_task_mapping
[2024-10-29T21:55:54.141+0500] {logging_mixin.py:190} INFO - [2024-10-29T21:55:54.141+0500] {dag.py:3239} INFO - Sync 1 DAGs
[2024-10-29T21:55:54.161+0500] {logging_mixin.py:190} INFO - [2024-10-29T21:55:54.160+0500] {dag.py:3262} INFO - Creating ORM DAG for example_dynamic_task_mapping
[2024-10-29T21:55:54.162+0500] {logging_mixin.py:190} INFO - [2024-10-29T21:55:54.161+0500] {dag.py:4180} INFO - Setting next_dagrun for example_dynamic_task_mapping to None, run_after=None
[2024-10-29T21:55:54.190+0500] {processor.py:208} INFO - Processing /mnt/d/МАГИСТРАТУРА/semestr3/АМО/lab4/venv/lib/python3.10/site-packages/airflow/example_dags/example_dynamic_task_mapping.py took 0.432 seconds
[2024-10-29T21:57:16.007+0500] {processor.py:186} INFO - Started process (PID=1121) to work on /mnt/d/МАГИСТРАТУРА/semestr3/АМО/lab4/venv/lib/python3.10/site-packages/airflow/example_dags/example_dynamic_task_mapping.py
[2024-10-29T21:57:16.010+0500] {processor.py:914} INFO - Processing file /mnt/d/МАГИСТРАТУРА/semestr3/АМО/lab4/venv/lib/python3.10/site-packages/airflow/example_dags/example_dynamic_task_mapping.py for tasks to queue
[2024-10-29T21:57:16.017+0500] {logging_mixin.py:190} INFO - [2024-10-29T21:57:16.016+0500] {dagbag.py:588} INFO - Filling up the DagBag from /mnt/d/МАГИСТРАТУРА/semestr3/АМО/lab4/venv/lib/python3.10/site-packages/airflow/example_dags/example_dynamic_task_mapping.py
[2024-10-29T21:57:16.045+0500] {processor.py:925} INFO - DAG(s) 'example_dynamic_task_mapping' retrieved from /mnt/d/МАГИСТРАТУРА/semestr3/АМО/lab4/venv/lib/python3.10/site-packages/airflow/example_dags/example_dynamic_task_mapping.py
[2024-10-29T21:57:16.096+0500] {logging_mixin.py:190} INFO - [2024-10-29T21:57:16.095+0500] {dag.py:3239} INFO - Sync 1 DAGs
[2024-10-29T21:57:16.121+0500] {logging_mixin.py:190} INFO - [2024-10-29T21:57:16.120+0500] {dag.py:4180} INFO - Setting next_dagrun for example_dynamic_task_mapping to None, run_after=None
[2024-10-29T21:57:16.157+0500] {processor.py:208} INFO - Processing /mnt/d/МАГИСТРАТУРА/semestr3/АМО/lab4/venv/lib/python3.10/site-packages/airflow/example_dags/example_dynamic_task_mapping.py took 0.168 seconds
