[2024-10-29T21:55:05.514+0500] {processor.py:186} INFO - Started process (PID=993) to work on /mnt/d/МАГИСТРАТУРА/semestr3/АМО/lab4/venv/lib/python3.10/site-packages/airflow/example_dags/tutorial.py
[2024-10-29T21:55:05.517+0500] {processor.py:914} INFO - Processing file /mnt/d/МАГИСТРАТУРА/semestr3/АМО/lab4/venv/lib/python3.10/site-packages/airflow/example_dags/tutorial.py for tasks to queue
[2024-10-29T21:55:05.523+0500] {logging_mixin.py:190} INFO - [2024-10-29T21:55:05.522+0500] {dagbag.py:588} INFO - Filling up the DagBag from /mnt/d/МАГИСТРАТУРА/semestr3/АМО/lab4/venv/lib/python3.10/site-packages/airflow/example_dags/tutorial.py
[2024-10-29T21:55:05.555+0500] {processor.py:925} INFO - DAG(s) 'tutorial' retrieved from /mnt/d/МАГИСТРАТУРА/semestr3/АМО/lab4/venv/lib/python3.10/site-packages/airflow/example_dags/tutorial.py
[2024-10-29T21:55:05.867+0500] {logging_mixin.py:190} INFO - [2024-10-29T21:55:05.866+0500] {override.py:1907} INFO - Created Permission View: can delete on DAG:tutorial
[2024-10-29T21:55:05.888+0500] {logging_mixin.py:190} INFO - [2024-10-29T21:55:05.888+0500] {override.py:1907} INFO - Created Permission View: can edit on DAG:tutorial
[2024-10-29T21:55:05.904+0500] {logging_mixin.py:190} INFO - [2024-10-29T21:55:05.903+0500] {override.py:1907} INFO - Created Permission View: can read on DAG:tutorial
[2024-10-29T21:55:05.923+0500] {logging_mixin.py:190} INFO - [2024-10-29T21:55:05.921+0500] {override.py:1907} INFO - Created Permission View: can delete on DAG Run:tutorial
[2024-10-29T21:55:05.937+0500] {logging_mixin.py:190} INFO - [2024-10-29T21:55:05.936+0500] {override.py:1907} INFO - Created Permission View: can create on DAG Run:tutorial
[2024-10-29T21:55:05.958+0500] {logging_mixin.py:190} INFO - [2024-10-29T21:55:05.953+0500] {override.py:1907} INFO - Created Permission View: menu access on DAG Run:tutorial
[2024-10-29T21:55:05.973+0500] {logging_mixin.py:190} INFO - [2024-10-29T21:55:05.972+0500] {override.py:1907} INFO - Created Permission View: can read on DAG Run:tutorial
[2024-10-29T21:55:05.974+0500] {logging_mixin.py:190} INFO - [2024-10-29T21:55:05.974+0500] {dag.py:3239} INFO - Sync 1 DAGs
[2024-10-29T21:55:05.995+0500] {logging_mixin.py:190} INFO - [2024-10-29T21:55:05.994+0500] {dag.py:3262} INFO - Creating ORM DAG for tutorial
[2024-10-29T21:55:06.013+0500] {logging_mixin.py:190} INFO - [2024-10-29T21:55:06.012+0500] {dag.py:4180} INFO - Setting next_dagrun for tutorial to 2024-10-28 00:00:00+00:00, run_after=2024-10-29 00:00:00+00:00
[2024-10-29T21:55:06.049+0500] {processor.py:208} INFO - Processing /mnt/d/МАГИСТРАТУРА/semestr3/АМО/lab4/venv/lib/python3.10/site-packages/airflow/example_dags/tutorial.py took 0.558 seconds
[2024-10-29T21:56:28.709+0500] {processor.py:186} INFO - Started process (PID=1078) to work on /mnt/d/МАГИСТРАТУРА/semestr3/АМО/lab4/venv/lib/python3.10/site-packages/airflow/example_dags/tutorial.py
[2024-10-29T21:56:28.712+0500] {processor.py:914} INFO - Processing file /mnt/d/МАГИСТРАТУРА/semestr3/АМО/lab4/venv/lib/python3.10/site-packages/airflow/example_dags/tutorial.py for tasks to queue
[2024-10-29T21:56:28.718+0500] {logging_mixin.py:190} INFO - [2024-10-29T21:56:28.717+0500] {dagbag.py:588} INFO - Filling up the DagBag from /mnt/d/МАГИСТРАТУРА/semestr3/АМО/lab4/venv/lib/python3.10/site-packages/airflow/example_dags/tutorial.py
[2024-10-29T21:56:28.741+0500] {processor.py:925} INFO - DAG(s) 'tutorial' retrieved from /mnt/d/МАГИСТРАТУРА/semestr3/АМО/lab4/venv/lib/python3.10/site-packages/airflow/example_dags/tutorial.py
[2024-10-29T21:56:28.773+0500] {logging_mixin.py:190} INFO - [2024-10-29T21:56:28.773+0500] {dag.py:3239} INFO - Sync 1 DAGs
[2024-10-29T21:56:28.808+0500] {logging_mixin.py:190} INFO - [2024-10-29T21:56:28.807+0500] {dag.py:4180} INFO - Setting next_dagrun for tutorial to 2024-10-28 00:00:00+00:00, run_after=2024-10-29 00:00:00+00:00
[2024-10-29T21:56:28.841+0500] {processor.py:208} INFO - Processing /mnt/d/МАГИСТРАТУРА/semestr3/АМО/lab4/venv/lib/python3.10/site-packages/airflow/example_dags/tutorial.py took 0.148 seconds
[2024-10-29T21:57:09.809+0500] {processor.py:186} INFO - Started process (PID=1116) to work on /mnt/d/МАГИСТРАТУРА/semestr3/АМО/lab4/venv/lib/python3.10/site-packages/airflow/example_dags/tutorial.py
[2024-10-29T21:57:09.811+0500] {processor.py:914} INFO - Processing file /mnt/d/МАГИСТРАТУРА/semestr3/АМО/lab4/venv/lib/python3.10/site-packages/airflow/example_dags/tutorial.py for tasks to queue
[2024-10-29T21:57:09.820+0500] {logging_mixin.py:190} INFO - [2024-10-29T21:57:09.818+0500] {dagbag.py:588} INFO - Filling up the DagBag from /mnt/d/МАГИСТРАТУРА/semestr3/АМО/lab4/venv/lib/python3.10/site-packages/airflow/example_dags/tutorial.py
[2024-10-29T21:57:09.849+0500] {processor.py:925} INFO - DAG(s) 'tutorial' retrieved from /mnt/d/МАГИСТРАТУРА/semestr3/АМО/lab4/venv/lib/python3.10/site-packages/airflow/example_dags/tutorial.py
[2024-10-29T21:57:09.891+0500] {logging_mixin.py:190} INFO - [2024-10-29T21:57:09.890+0500] {dag.py:3239} INFO - Sync 1 DAGs
[2024-10-29T21:57:09.931+0500] {logging_mixin.py:190} INFO - [2024-10-29T21:57:09.930+0500] {dag.py:4180} INFO - Setting next_dagrun for tutorial to 2024-10-28 00:00:00+00:00, run_after=2024-10-29 00:00:00+00:00
[2024-10-29T21:57:09.967+0500] {processor.py:208} INFO - Processing /mnt/d/МАГИСТРАТУРА/semestr3/АМО/lab4/venv/lib/python3.10/site-packages/airflow/example_dags/tutorial.py took 0.182 seconds
